[INFO] Scanning for projects...
[WARNING] 
[WARNING] Some problems were encountered while building the effective model for org.test:demo:jar:0.0.1-SNAPSHOT
[WARNING] 'dependencies.dependency.(groupId:artifactId:type:classifier)' must be unique: org.spockframework:spock-core:jar -> duplicate declaration of version 1.0-groovy-2.4 @ line 101, column 15
[WARNING] 
[WARNING] It is highly recommended to fix these problems because they threaten the stability of your build.
[WARNING] 
[WARNING] For this reason, future Maven versions might no longer support building such malformed projects.
[WARNING] 
[INFO]                                                                         
[INFO] ------------------------------------------------------------------------
[INFO] Building bookpub_chap05_f_spock 0.0.1-SNAPSHOT
[INFO] ------------------------------------------------------------------------
[INFO] 
[INFO] --- maven-clean-plugin:2.5:clean (default-clean) @ demo ---
[INFO] Deleting /Users/JatinPatel/Documents/Study/Spring4/cookbook/bookpub_chap05_f_spock/target
[INFO] 
[INFO] --- gmavenplus-plugin:1.5:addTestSources (default) @ demo ---
[INFO] 
[INFO] --- maven-resources-plugin:2.6:resources (default-resources) @ demo ---
[INFO] Using 'UTF-8' encoding to copy filtered resources.
[INFO] Copying 1 resource
[INFO] Copying 2 resources
[INFO] 
[INFO] --- maven-compiler-plugin:3.3:compile (default-compile) @ demo ---
[INFO] Changes detected - recompiling the module!
[INFO] Compiling 17 source files to /Users/JatinPatel/Documents/Study/Spring4/cookbook/bookpub_chap05_f_spock/target/classes
[INFO] 
[INFO] --- maven-resources-plugin:2.6:testResources (default-testResources) @ demo ---
[INFO] Using 'UTF-8' encoding to copy filtered resources.
[INFO] Copying 6 resources
[INFO] 
[INFO] --- maven-compiler-plugin:3.3:testCompile (default-testCompile) @ demo ---
[INFO] Changes detected - recompiling the module!
[INFO] Compiling 7 source files to /Users/JatinPatel/Documents/Study/Spring4/cookbook/bookpub_chap05_f_spock/target/test-classes
[INFO] 
[INFO] --- gmavenplus-plugin:1.5:testCompile (default) @ demo ---
[INFO] Using Groovy 2.4.4 to perform testCompile.
[INFO] Compiled 1 file.
[INFO] 
[INFO] --- maven-surefire-plugin:2.18.1:test (default-test) @ demo ---
[INFO] Surefire report directory: /Users/JatinPatel/Documents/Study/Spring4/cookbook/bookpub_chap05_f_spock/target/surefire-reports

-------------------------------------------------------
 T E S T S
-------------------------------------------------------
07:56:52.644 [main] DEBUG o.s.t.c.j.SpringJUnit4ClassRunner - SpringJUnit4ClassRunner constructor called with [class org.test.BookpubChap05ATestingControllersApplicationTests]
07:56:52.651 [main] DEBUG o.s.test.context.BootstrapUtils - Instantiating CacheAwareContextLoaderDelegate from class [org.springframework.test.context.cache.DefaultCacheAwareContextLoaderDelegate]
07:56:52.656 [main] DEBUG o.s.test.context.BootstrapUtils - Instantiating BootstrapContext using constructor [public org.springframework.test.context.support.DefaultBootstrapContext(java.lang.Class,org.springframework.test.context.CacheAwareContextLoaderDelegate)]
07:56:52.668 [main] DEBUG o.s.test.context.BootstrapUtils - Instantiating TestContextBootstrapper for test class [org.test.BookpubChap05ATestingControllersApplicationTests] from class [org.springframework.boot.test.WebAppIntegrationTestContextBootstrapper]
07:56:52.687 [main] DEBUG o.s.b.t.WebAppIntegrationTestContextBootstrapper - Found explicit ContextLoader class [org.springframework.boot.test.SpringApplicationContextLoader] for context configuration attributes [ContextConfigurationAttributes@11438d26 declaringClass = 'org.test.BookpubChap05ATestingControllersApplicationTests', classes = '{class org.test.bookpub.Application}', locations = '{}', inheritLocations = true, initializers = '{}', inheritInitializers = true, name = [null], contextLoaderClass = 'org.springframework.boot.test.SpringApplicationContextLoader']
07:56:52.692 [main] DEBUG o.s.t.c.s.AbstractContextLoader - Did not detect default resource location for test class [org.test.BookpubChap05ATestingControllersApplicationTests]: class path resource [org/test/BookpubChap05ATestingControllersApplicationTests-context.xml] does not exist
07:56:52.692 [main] DEBUG o.s.t.c.s.AbstractContextLoader - Did not detect default resource location for test class [org.test.BookpubChap05ATestingControllersApplicationTests]: class path resource [org/test/BookpubChap05ATestingControllersApplicationTestsContext.groovy] does not exist
07:56:52.692 [main] INFO  o.s.t.c.s.AbstractContextLoader - Could not detect default resource locations for test class [org.test.BookpubChap05ATestingControllersApplicationTests]: no resource found for suffixes {-context.xml, Context.groovy}.
07:56:52.694 [main] DEBUG o.s.t.c.support.ActiveProfilesUtils - Could not find an 'annotation declaring class' for annotation type [org.springframework.test.context.ActiveProfiles] and class [org.test.BookpubChap05ATestingControllersApplicationTests]
07:56:52.699 [main] DEBUG o.s.test.util.ReflectionTestUtils - Setting field 'propertySourceProperties' of type [null] on target object [[WebMergedContextConfiguration@1d8d30f7 testClass = BookpubChap05ATestingControllersApplicationTests, locations = '{}', classes = '{class org.test.bookpub.Application}', contextInitializerClasses = '[]', activeProfiles = '{}', propertySourceLocations = '{}', propertySourceProperties = '{}', resourceBasePath = '', contextLoader = 'org.springframework.boot.test.SpringApplicationContextLoader', parent = [null]]] or target class [class org.springframework.test.context.web.WebMergedContextConfiguration] to value [[Ljava.lang.String;@3e57cd70]
07:56:52.699 [main] DEBUG o.s.b.t.WebAppIntegrationTestContextBootstrapper - @TestExecutionListeners is not present for class [org.test.BookpubChap05ATestingControllersApplicationTests]: using defaults.
07:56:52.705 [main] INFO  o.s.b.t.WebAppIntegrationTestContextBootstrapper - Loaded default TestExecutionListener class names from location [META-INF/spring.factories]: [org.springframework.test.context.web.ServletTestExecutionListener, org.springframework.test.context.support.DirtiesContextBeforeModesTestExecutionListener, org.springframework.test.context.support.DependencyInjectionTestExecutionListener, org.springframework.test.context.support.DirtiesContextTestExecutionListener, org.springframework.test.context.transaction.TransactionalTestExecutionListener, org.springframework.test.context.jdbc.SqlScriptsTestExecutionListener]
07:56:52.721 [main] INFO  o.s.b.t.WebAppIntegrationTestContextBootstrapper - Using TestExecutionListeners: [org.springframework.test.context.web.ServletTestExecutionListener@1990a65e, org.springframework.test.context.support.DirtiesContextBeforeModesTestExecutionListener@64485a47, org.springframework.test.context.support.DependencyInjectionTestExecutionListener@25bbf683, org.springframework.test.context.support.DirtiesContextTestExecutionListener@6ec8211c, org.springframework.test.context.transaction.TransactionalTestExecutionListener@7276c8cd, org.springframework.test.context.jdbc.SqlScriptsTestExecutionListener@544a2ea6]
07:56:52.725 [main] DEBUG o.s.t.c.j.SpringJUnit4ClassRunner - SpringJUnit4ClassRunner constructor called with [class org.test.PublisherRepositoryTests]
07:56:52.725 [main] DEBUG o.s.test.context.BootstrapUtils - Instantiating CacheAwareContextLoaderDelegate from class [org.springframework.test.context.cache.DefaultCacheAwareContextLoaderDelegate]
07:56:52.725 [main] DEBUG o.s.test.context.BootstrapUtils - Instantiating BootstrapContext using constructor [public org.springframework.test.context.support.DefaultBootstrapContext(java.lang.Class,org.springframework.test.context.CacheAwareContextLoaderDelegate)]
07:56:52.726 [main] DEBUG o.s.test.context.BootstrapUtils - Instantiating TestContextBootstrapper for test class [org.test.PublisherRepositoryTests] from class [org.springframework.test.context.support.DefaultTestContextBootstrapper]
07:56:52.728 [main] DEBUG o.s.t.c.s.DefaultTestContextBootstrapper - Found explicit ContextLoader class [org.springframework.boot.test.SpringApplicationContextLoader] for context configuration attributes [ContextConfigurationAttributes@67b467e9 declaringClass = 'org.test.PublisherRepositoryTests', classes = '{class org.test.bookpub.Application, class org.test.TestMockBeansConfig}', locations = '{}', inheritLocations = true, initializers = '{}', inheritInitializers = true, name = [null], contextLoaderClass = 'org.springframework.boot.test.SpringApplicationContextLoader']
07:56:52.728 [main] DEBUG o.s.t.c.s.AbstractContextLoader - Did not detect default resource location for test class [org.test.PublisherRepositoryTests]: class path resource [org/test/PublisherRepositoryTests-context.xml] does not exist
07:56:52.728 [main] DEBUG o.s.t.c.s.AbstractContextLoader - Did not detect default resource location for test class [org.test.PublisherRepositoryTests]: class path resource [org/test/PublisherRepositoryTestsContext.groovy] does not exist
07:56:52.728 [main] INFO  o.s.t.c.s.AbstractContextLoader - Could not detect default resource locations for test class [org.test.PublisherRepositoryTests]: no resource found for suffixes {-context.xml, Context.groovy}.
07:56:52.729 [main] DEBUG o.s.t.c.support.ActiveProfilesUtils - Could not find an 'annotation declaring class' for annotation type [org.springframework.test.context.ActiveProfiles] and class [org.test.PublisherRepositoryTests]
07:56:52.731 [main] INFO  o.s.t.c.s.DefaultTestContextBootstrapper - Using TestExecutionListeners: [org.springframework.boot.test.IntegrationTestPropertiesListener@4d1b0d2a, org.springframework.test.context.support.DirtiesContextBeforeModesTestExecutionListener@954b04f, org.springframework.test.context.support.DependencyInjectionTestExecutionListener@149494d8, org.springframework.test.context.support.DirtiesContextTestExecutionListener@710726a3, org.springframework.test.context.transaction.TransactionalTestExecutionListener@646007f4, org.springframework.test.context.jdbc.SqlScriptsTestExecutionListener@481a15ff]
07:56:53.053 [main] DEBUG o.s.t.annotation.ProfileValueUtils - Retrieved @ProfileValueSourceConfiguration [null] for test class [org.test.BookpubChap05ATestingControllersApplicationTests]
07:56:53.054 [main] DEBUG o.s.t.annotation.ProfileValueUtils - Retrieved ProfileValueSource type [class org.springframework.test.annotation.SystemProfileValueSource] for class [org.test.BookpubChap05ATestingControllersApplicationTests]
07:56:53.054 [main] DEBUG o.s.t.annotation.ProfileValueUtils - Retrieved @ProfileValueSourceConfiguration [null] for test class [org.test.PublisherRepositoryTests]
07:56:53.054 [main] DEBUG o.s.t.annotation.ProfileValueUtils - Retrieved ProfileValueSource type [class org.springframework.test.annotation.SystemProfileValueSource] for class [org.test.PublisherRepositoryTests]
Running org.test.BookpubChap05ATestingControllersApplicationTests
07:56:53.057 [main] DEBUG o.s.t.c.j.SpringJUnit4ClassRunner - SpringJUnit4ClassRunner constructor called with [class org.test.BookpubChap05ATestingControllersApplicationTests]
07:56:53.057 [main] DEBUG o.s.test.context.BootstrapUtils - Instantiating CacheAwareContextLoaderDelegate from class [org.springframework.test.context.cache.DefaultCacheAwareContextLoaderDelegate]
07:56:53.057 [main] DEBUG o.s.test.context.BootstrapUtils - Instantiating BootstrapContext using constructor [public org.springframework.test.context.support.DefaultBootstrapContext(java.lang.Class,org.springframework.test.context.CacheAwareContextLoaderDelegate)]
07:56:53.058 [main] DEBUG o.s.test.context.BootstrapUtils - Instantiating TestContextBootstrapper for test class [org.test.BookpubChap05ATestingControllersApplicationTests] from class [org.springframework.boot.test.WebAppIntegrationTestContextBootstrapper]
07:56:53.059 [main] DEBUG o.s.b.t.WebAppIntegrationTestContextBootstrapper - Found explicit ContextLoader class [org.springframework.boot.test.SpringApplicationContextLoader] for context configuration attributes [ContextConfigurationAttributes@3fce8fd9 declaringClass = 'org.test.BookpubChap05ATestingControllersApplicationTests', classes = '{class org.test.bookpub.Application}', locations = '{}', inheritLocations = true, initializers = '{}', inheritInitializers = true, name = [null], contextLoaderClass = 'org.springframework.boot.test.SpringApplicationContextLoader']
07:56:53.059 [main] DEBUG o.s.t.c.s.AbstractContextLoader - Did not detect default resource location for test class [org.test.BookpubChap05ATestingControllersApplicationTests]: class path resource [org/test/BookpubChap05ATestingControllersApplicationTests-context.xml] does not exist
07:56:53.059 [main] DEBUG o.s.t.c.s.AbstractContextLoader - Did not detect default resource location for test class [org.test.BookpubChap05ATestingControllersApplicationTests]: class path resource [org/test/BookpubChap05ATestingControllersApplicationTestsContext.groovy] does not exist
07:56:53.059 [main] INFO  o.s.t.c.s.AbstractContextLoader - Could not detect default resource locations for test class [org.test.BookpubChap05ATestingControllersApplicationTests]: no resource found for suffixes {-context.xml, Context.groovy}.
07:56:53.060 [main] DEBUG o.s.t.c.support.ActiveProfilesUtils - Could not find an 'annotation declaring class' for annotation type [org.springframework.test.context.ActiveProfiles] and class [org.test.BookpubChap05ATestingControllersApplicationTests]
07:56:53.060 [main] DEBUG o.s.test.util.ReflectionTestUtils - Setting field 'propertySourceProperties' of type [null] on target object [[WebMergedContextConfiguration@609bcfb6 testClass = BookpubChap05ATestingControllersApplicationTests, locations = '{}', classes = '{class org.test.bookpub.Application}', contextInitializerClasses = '[]', activeProfiles = '{}', propertySourceLocations = '{}', propertySourceProperties = '{}', resourceBasePath = '', contextLoader = 'org.springframework.boot.test.SpringApplicationContextLoader', parent = [null]]] or target class [class org.springframework.test.context.web.WebMergedContextConfiguration] to value [[Ljava.lang.String;@7d94beb9]
07:56:53.060 [main] DEBUG o.s.b.t.WebAppIntegrationTestContextBootstrapper - @TestExecutionListeners is not present for class [org.test.BookpubChap05ATestingControllersApplicationTests]: using defaults.
07:56:53.061 [main] INFO  o.s.b.t.WebAppIntegrationTestContextBootstrapper - Loaded default TestExecutionListener class names from location [META-INF/spring.factories]: [org.springframework.test.context.web.ServletTestExecutionListener, org.springframework.test.context.support.DirtiesContextBeforeModesTestExecutionListener, org.springframework.test.context.support.DependencyInjectionTestExecutionListener, org.springframework.test.context.support.DirtiesContextTestExecutionListener, org.springframework.test.context.transaction.TransactionalTestExecutionListener, org.springframework.test.context.jdbc.SqlScriptsTestExecutionListener]
07:56:53.062 [main] INFO  o.s.b.t.WebAppIntegrationTestContextBootstrapper - Using TestExecutionListeners: [org.springframework.test.context.web.ServletTestExecutionListener@2cb2fc20, org.springframework.test.context.support.DirtiesContextBeforeModesTestExecutionListener@4f4c4b1a, org.springframework.test.context.support.DependencyInjectionTestExecutionListener@723e88f9, org.springframework.test.context.support.DirtiesContextTestExecutionListener@5f0fd5a0, org.springframework.test.context.transaction.TransactionalTestExecutionListener@64e7619d, org.springframework.test.context.jdbc.SqlScriptsTestExecutionListener@495ee280]
07:56:53.062 [main] DEBUG o.s.t.annotation.ProfileValueUtils - Retrieved @ProfileValueSourceConfiguration [null] for test class [org.test.BookpubChap05ATestingControllersApplicationTests]
07:56:53.062 [main] DEBUG o.s.t.annotation.ProfileValueUtils - Retrieved ProfileValueSource type [class org.springframework.test.annotation.SystemProfileValueSource] for class [org.test.BookpubChap05ATestingControllersApplicationTests]
07:56:53.063 [main] DEBUG o.s.t.annotation.ProfileValueUtils - Retrieved @ProfileValueSourceConfiguration [null] for test class [org.test.BookpubChap05ATestingControllersApplicationTests]
07:56:53.063 [main] DEBUG o.s.t.annotation.ProfileValueUtils - Retrieved ProfileValueSource type [class org.springframework.test.annotation.SystemProfileValueSource] for class [org.test.BookpubChap05ATestingControllersApplicationTests]
07:56:53.064 [main] DEBUG o.s.t.c.s.AbstractDirtiesContextTestExecutionListener - Before test class: context [DefaultTestContext@748741cb testClass = BookpubChap05ATestingControllersApplicationTests, testInstance = [null], testMethod = [null], testException = [null], mergedContextConfiguration = [WebMergedContextConfiguration@609bcfb6 testClass = BookpubChap05ATestingControllersApplicationTests, locations = '{}', classes = '{class org.test.bookpub.Application}', contextInitializerClasses = '[]', activeProfiles = '{}', propertySourceLocations = '{}', propertySourceProperties = '{server.port:0, org.springframework.boot.test.IntegrationTest=true}', resourceBasePath = '', contextLoader = 'org.springframework.boot.test.SpringApplicationContextLoader', parent = [null]]], class annotated with @DirtiesContext [false] with mode [null].
07:56:53.065 [main] DEBUG o.s.t.annotation.ProfileValueUtils - Retrieved @ProfileValueSourceConfiguration [null] for test class [org.test.BookpubChap05ATestingControllersApplicationTests]
07:56:53.065 [main] DEBUG o.s.t.annotation.ProfileValueUtils - Retrieved ProfileValueSource type [class org.springframework.test.annotation.SystemProfileValueSource] for class [org.test.BookpubChap05ATestingControllersApplicationTests]
07:56:53.252 [main] DEBUG o.s.t.c.s.DependencyInjectionTestExecutionListener - Performing dependency injection for test context [[DefaultTestContext@748741cb testClass = BookpubChap05ATestingControllersApplicationTests, testInstance = org.test.BookpubChap05ATestingControllersApplicationTests@6e950bcf, testMethod = [null], testException = [null], mergedContextConfiguration = [WebMergedContextConfiguration@609bcfb6 testClass = BookpubChap05ATestingControllersApplicationTests, locations = '{}', classes = '{class org.test.bookpub.Application}', contextInitializerClasses = '[]', activeProfiles = '{}', propertySourceLocations = '{}', propertySourceProperties = '{server.port:0, org.springframework.boot.test.IntegrationTest=true}', resourceBasePath = '', contextLoader = 'org.springframework.boot.test.SpringApplicationContextLoader', parent = [null]]]].
07:56:53.296 [main] DEBUG o.s.core.env.StandardEnvironment - Adding [systemProperties] PropertySource with lowest search precedence
07:56:53.297 [main] DEBUG o.s.core.env.StandardEnvironment - Adding [systemEnvironment] PropertySource with lowest search precedence
07:56:53.297 [main] DEBUG o.s.core.env.StandardEnvironment - Initialized StandardEnvironment with PropertySources [systemProperties,systemEnvironment]
07:56:53.298 [main] DEBUG o.s.core.env.StandardEnvironment - Adding [integrationTest] PropertySource with search precedence immediately lower than [systemEnvironment]

  .   ____          _            __ _ _
 /\\ / ___'_ __ _ _(_)_ __  __ _ \ \ \ \
( ( )\___ | '_ | '_| | '_ \/ _` | \ \ \ \
 \\/  ___)| |_)| | | | | || (_| |  ) ) ) )
  '  |____| .__|_| |_|_| |_\__, | / / / /
 =========|_|==============|___/=/_/_/_/
 :: Spring Boot ::        (v1.3.1.RELEASE)

2016-01-14 07:56:53.512  INFO 28268 --- [           main] hap05ATestingControllersApplicationTests : Starting BookpubChap05ATestingControllersApplicationTests on Jatinkumars-MacBook-Pro.local with PID 28268 (/Users/JatinPatel/Documents/Study/Spring4/cookbook/bookpub_chap05_f_spock/target/test-classes started by JatinPatel in /Users/JatinPatel/Documents/Study/Spring4/cookbook/bookpub_chap05_f_spock)
2016-01-14 07:56:53.512  INFO 28268 --- [           main] hap05ATestingControllersApplicationTests : No active profile set, falling back to default profiles: default
2016-01-14 07:56:53.735  INFO 28268 --- [           main] ationConfigEmbeddedWebApplicationContext : Refreshing org.springframework.boot.context.embedded.AnnotationConfigEmbeddedWebApplicationContext@5c87bfe2: startup date [Thu Jan 14 07:56:53 PST 2016]; root of context hierarchy
2016-01-14 07:56:54.341  INFO 28268 --- [           main] o.s.b.f.s.DefaultListableBeanFactory     : Overriding bean definition for bean 'beanNameViewResolver' with a different definition: replacing [Root bean: class [null]; scope=; abstract=false; lazyInit=false; autowireMode=3; dependencyCheck=0; autowireCandidate=true; primary=false; factoryBeanName=org.springframework.boot.autoconfigure.web.ErrorMvcAutoConfiguration$WhitelabelErrorViewConfiguration; factoryMethodName=beanNameViewResolver; initMethodName=null; destroyMethodName=(inferred); defined in class path resource [org/springframework/boot/autoconfigure/web/ErrorMvcAutoConfiguration$WhitelabelErrorViewConfiguration.class]] with [Root bean: class [null]; scope=; abstract=false; lazyInit=false; autowireMode=3; dependencyCheck=0; autowireCandidate=true; primary=false; factoryBeanName=org.springframework.boot.autoconfigure.web.WebMvcAutoConfiguration$WebMvcAutoConfigurationAdapter; factoryMethodName=beanNameViewResolver; initMethodName=null; destroyMethodName=(inferred); defined in class path resource [org/springframework/boot/autoconfigure/web/WebMvcAutoConfiguration$WebMvcAutoConfigurationAdapter.class]]
2016-01-14 07:56:54.725  INFO 28268 --- [           main] trationDelegate$BeanPostProcessorChecker : Bean 'org.springframework.transaction.annotation.ProxyTransactionManagementConfiguration' of type [class org.springframework.transaction.annotation.ProxyTransactionManagementConfiguration$$EnhancerBySpringCGLIB$$2b71561f] is not eligible for getting processed by all BeanPostProcessors (for example: not eligible for auto-proxying)
2016-01-14 07:56:55.057  INFO 28268 --- [           main] s.b.c.e.t.TomcatEmbeddedServletContainer : Tomcat initialized with port(s): 0 (http)
2016-01-14 07:56:55.067  INFO 28268 --- [           main] o.apache.catalina.core.StandardService   : Starting service Tomcat
2016-01-14 07:56:55.068  INFO 28268 --- [           main] org.apache.catalina.core.StandardEngine  : Starting Servlet Engine: Apache Tomcat/8.0.30
2016-01-14 07:56:55.141  INFO 28268 --- [ost-startStop-1] o.a.c.c.C.[Tomcat].[localhost].[/]       : Initializing Spring embedded WebApplicationContext
2016-01-14 07:56:55.141  INFO 28268 --- [ost-startStop-1] o.s.web.context.ContextLoader            : Root WebApplicationContext: initialization completed in 1408 ms
2016-01-14 07:56:55.709  INFO 28268 --- [ost-startStop-1] o.s.jdbc.datasource.init.ScriptUtils     : Executing SQL script from URL [file:/Users/JatinPatel/Documents/Study/Spring4/cookbook/bookpub_chap05_f_spock/target/classes/schema.sql]
2016-01-14 07:56:55.740  INFO 28268 --- [ost-startStop-1] o.s.jdbc.datasource.init.ScriptUtils     : Executed SQL script from URL [file:/Users/JatinPatel/Documents/Study/Spring4/cookbook/bookpub_chap05_f_spock/target/classes/schema.sql] in 31 ms.
2016-01-14 07:56:55.741  INFO 28268 --- [ost-startStop-1] o.s.jdbc.datasource.init.ScriptUtils     : Executing SQL script from URL [file:/Users/JatinPatel/Documents/Study/Spring4/cookbook/bookpub_chap05_f_spock/target/test-classes/data.sql]
2016-01-14 07:56:55.744  INFO 28268 --- [ost-startStop-1] o.s.jdbc.datasource.init.ScriptUtils     : Executed SQL script from URL [file:/Users/JatinPatel/Documents/Study/Spring4/cookbook/bookpub_chap05_f_spock/target/test-classes/data.sql] in 3 ms.
2016-01-14 07:56:55.744  INFO 28268 --- [ost-startStop-1] o.s.jdbc.datasource.init.ScriptUtils     : Executing SQL script from URL [file:/Users/JatinPatel/Documents/Study/Spring4/cookbook/bookpub_chap05_f_spock/target/classes/data.sql]
2016-01-14 07:56:55.745  INFO 28268 --- [ost-startStop-1] o.s.jdbc.datasource.init.ScriptUtils     : Executed SQL script from URL [file:/Users/JatinPatel/Documents/Study/Spring4/cookbook/bookpub_chap05_f_spock/target/classes/data.sql] in 1 ms.
2016-01-14 07:56:55.795  INFO 28268 --- [ost-startStop-1] j.LocalContainerEntityManagerFactoryBean : Building JPA container EntityManagerFactory for persistence unit 'default'
2016-01-14 07:56:55.803  INFO 28268 --- [ost-startStop-1] o.hibernate.jpa.internal.util.LogHelper  : HHH000204: Processing PersistenceUnitInfo [
	name: default
	...]
2016-01-14 07:56:55.860  INFO 28268 --- [ost-startStop-1] org.hibernate.Version                    : HHH000412: Hibernate Core {4.3.11.Final}
2016-01-14 07:56:55.861  INFO 28268 --- [ost-startStop-1] org.hibernate.cfg.Environment            : HHH000206: hibernate.properties not found
2016-01-14 07:56:55.862  INFO 28268 --- [ost-startStop-1] org.hibernate.cfg.Environment            : HHH000021: Bytecode provider name : javassist
2016-01-14 07:56:55.998  INFO 28268 --- [ost-startStop-1] o.hibernate.annotations.common.Version   : HCANN000001: Hibernate Commons Annotations {4.0.5.Final}
2016-01-14 07:56:56.056  INFO 28268 --- [ost-startStop-1] org.hibernate.dialect.Dialect            : HHH000400: Using dialect: org.hibernate.dialect.H2Dialect
2016-01-14 07:56:56.163  INFO 28268 --- [ost-startStop-1] o.h.h.i.ast.ASTQueryTranslatorFactory    : HHH000397: Using ASTQueryTranslatorFactory
2016-01-14 07:56:56.633  INFO 28268 --- [ost-startStop-1] o.s.b.f.config.PropertiesFactoryBean     : Loading properties file from class path resource [rest-default-messages.properties]
2016-01-14 07:56:56.813  INFO 28268 --- [ost-startStop-1] o.s.b.c.e.ServletRegistrationBean        : Mapping servlet: 'dispatcherServlet' to [/]
2016-01-14 07:56:56.816  INFO 28268 --- [ost-startStop-1] o.s.b.c.embedded.FilterRegistrationBean  : Mapping filter: 'characterEncodingFilter' to: [/*]
2016-01-14 07:56:56.816  INFO 28268 --- [ost-startStop-1] o.s.b.c.embedded.FilterRegistrationBean  : Mapping filter: 'hiddenHttpMethodFilter' to: [/*]
2016-01-14 07:56:56.816  INFO 28268 --- [ost-startStop-1] o.s.b.c.embedded.FilterRegistrationBean  : Mapping filter: 'httpPutFormContentFilter' to: [/*]
2016-01-14 07:56:56.816  INFO 28268 --- [ost-startStop-1] o.s.b.c.embedded.FilterRegistrationBean  : Mapping filter: 'requestContextFilter' to: [/*]
2016-01-14 07:56:57.020  INFO 28268 --- [           main] s.w.s.m.m.a.RequestMappingHandlerAdapter : Looking for @ControllerAdvice: org.springframework.boot.context.embedded.AnnotationConfigEmbeddedWebApplicationContext@5c87bfe2: startup date [Thu Jan 14 07:56:53 PST 2016]; root of context hierarchy
2016-01-14 07:56:57.075  INFO 28268 --- [           main] s.w.s.m.m.a.RequestMappingHandlerMapping : Mapped "{[/books/session],methods=[GET]}" onto public java.lang.String org.test.bookpub.controllers.BookController.getSessionId(javax.servlet.http.HttpServletRequest)
2016-01-14 07:56:57.075  INFO 28268 --- [           main] s.w.s.m.m.a.RequestMappingHandlerMapping : Mapped "{[/books/{isbn}],methods=[GET]}" onto public org.test.bookpub.entity.Book org.test.bookpub.controllers.BookController.getBook(java.lang.String)
2016-01-14 07:56:57.075  INFO 28268 --- [           main] s.w.s.m.m.a.RequestMappingHandlerMapping : Mapped "{[/books],methods=[GET]}" onto public java.lang.Iterable<org.test.bookpub.entity.Book> org.test.bookpub.controllers.BookController.getAllBooks()
2016-01-14 07:56:57.076  INFO 28268 --- [           main] s.w.s.m.m.a.RequestMappingHandlerMapping : Mapped "{[/books/{isbn}/reviewers],methods=[GET]}" onto public java.util.List<org.test.bookpub.entity.Reviewer> org.test.bookpub.controllers.BookController.getReviewers(org.test.bookpub.entity.Book)
2016-01-14 07:56:57.076  INFO 28268 --- [           main] s.w.s.m.m.a.RequestMappingHandlerMapping : Mapped "{[/books/publisher/{id}],methods=[GET]}" onto public java.util.List<org.test.bookpub.entity.Book> org.test.bookpub.controllers.BookController.getBooksByPublisher(java.lang.Long)
2016-01-14 07:56:57.077  INFO 28268 --- [           main] s.w.s.m.m.a.RequestMappingHandlerMapping : Mapped "{[/error]}" onto public org.springframework.http.ResponseEntity<java.util.Map<java.lang.String, java.lang.Object>> org.springframework.boot.autoconfigure.web.BasicErrorController.error(javax.servlet.http.HttpServletRequest)
2016-01-14 07:56:57.077  INFO 28268 --- [           main] s.w.s.m.m.a.RequestMappingHandlerMapping : Mapped "{[/error],produces=[text/html]}" onto public org.springframework.web.servlet.ModelAndView org.springframework.boot.autoconfigure.web.BasicErrorController.errorHtml(javax.servlet.http.HttpServletRequest,javax.servlet.http.HttpServletResponse)
2016-01-14 07:56:57.096  INFO 28268 --- [           main] o.s.w.s.handler.SimpleUrlHandlerMapping  : Mapped URL path [/internal/**] onto handler of type [class org.springframework.web.servlet.resource.ResourceHttpRequestHandler]
2016-01-14 07:56:57.097  INFO 28268 --- [           main] o.s.w.s.handler.SimpleUrlHandlerMapping  : Mapped URL path [/webjars/**] onto handler of type [class org.springframework.web.servlet.resource.ResourceHttpRequestHandler]
2016-01-14 07:56:57.097  INFO 28268 --- [           main] o.s.w.s.handler.SimpleUrlHandlerMapping  : Mapped URL path [/**] onto handler of type [class org.springframework.web.servlet.resource.ResourceHttpRequestHandler]
2016-01-14 07:56:57.110  INFO 28268 --- [           main] .m.m.a.ExceptionHandlerExceptionResolver : Detected @ExceptionHandler methods in repositoryRestExceptionHandler
2016-01-14 07:56:57.126  INFO 28268 --- [           main] o.s.w.s.handler.SimpleUrlHandlerMapping  : Mapped URL path [/**/favicon.ico] onto handler of type [class org.springframework.web.servlet.resource.ResourceHttpRequestHandler]
2016-01-14 07:56:57.268  INFO 28268 --- [           main] o.s.d.r.w.RepositoryRestHandlerAdapter   : Looking for @ControllerAdvice: org.springframework.boot.context.embedded.AnnotationConfigEmbeddedWebApplicationContext@5c87bfe2: startup date [Thu Jan 14 07:56:53 PST 2016]; root of context hierarchy
2016-01-14 07:56:57.279  INFO 28268 --- [           main] o.s.d.r.w.RepositoryRestHandlerMapping   : Mapped "{[/{repository}/{id}/{property}],methods=[GET],produces=[application/hal+json || application/json || application/*+json;charset=UTF-8]}" onto public org.springframework.http.ResponseEntity<org.springframework.hateoas.ResourceSupport> org.springframework.data.rest.webmvc.RepositoryPropertyReferenceController.followPropertyReference(org.springframework.data.rest.webmvc.RootResourceInformation,java.io.Serializable,java.lang.String,org.springframework.data.rest.webmvc.PersistentEntityResourceAssembler) throws java.lang.Exception
2016-01-14 07:56:57.279  INFO 28268 --- [           main] o.s.d.r.w.RepositoryRestHandlerMapping   : Mapped "{[/{repository}/{id}/{property}/{propertyId}],methods=[GET],produces=[application/hal+json || application/json || application/*+json;charset=UTF-8]}" onto public org.springframework.http.ResponseEntity<org.springframework.hateoas.ResourceSupport> org.springframework.data.rest.webmvc.RepositoryPropertyReferenceController.followPropertyReference(org.springframework.data.rest.webmvc.RootResourceInformation,java.io.Serializable,java.lang.String,java.lang.String,org.springframework.data.rest.webmvc.PersistentEntityResourceAssembler) throws java.lang.Exception
2016-01-14 07:56:57.279  INFO 28268 --- [           main] o.s.d.r.w.RepositoryRestHandlerMapping   : Mapped "{[/{repository}/{id}/{property}],methods=[DELETE],produces=[application/hal+json || application/json || application/*+json;charset=UTF-8]}" onto public org.springframework.http.ResponseEntity<? extends org.springframework.hateoas.ResourceSupport> org.springframework.data.rest.webmvc.RepositoryPropertyReferenceController.deletePropertyReference(org.springframework.data.rest.webmvc.RootResourceInformation,java.io.Serializable,java.lang.String) throws java.lang.Exception
2016-01-14 07:56:57.279  INFO 28268 --- [           main] o.s.d.r.w.RepositoryRestHandlerMapping   : Mapped "{[/{repository}/{id}/{property}],methods=[GET],produces=[application/x-spring-data-compact+json || text/uri-list]}" onto public org.springframework.http.ResponseEntity<org.springframework.hateoas.ResourceSupport> org.springframework.data.rest.webmvc.RepositoryPropertyReferenceController.followPropertyReferenceCompact(org.springframework.data.rest.webmvc.RootResourceInformation,java.io.Serializable,java.lang.String,org.springframework.data.rest.webmvc.PersistentEntityResourceAssembler) throws java.lang.Exception
2016-01-14 07:56:57.280  INFO 28268 --- [           main] o.s.d.r.w.RepositoryRestHandlerMapping   : Mapped "{[/{repository}/{id}/{property}],methods=[PATCH || PUT || POST],consumes=[application/json || application/x-spring-data-compact+json || text/uri-list],produces=[application/hal+json || application/json || application/*+json;charset=UTF-8]}" onto public org.springframework.http.ResponseEntity<? extends org.springframework.hateoas.ResourceSupport> org.springframework.data.rest.webmvc.RepositoryPropertyReferenceController.createPropertyReference(org.springframework.data.rest.webmvc.RootResourceInformation,org.springframework.http.HttpMethod,org.springframework.hateoas.Resources<java.lang.Object>,java.io.Serializable,java.lang.String) throws java.lang.Exception
2016-01-14 07:56:57.280  INFO 28268 --- [           main] o.s.d.r.w.RepositoryRestHandlerMapping   : Mapped "{[/{repository}/{id}/{property}/{propertyId}],methods=[DELETE],produces=[application/hal+json || application/json || application/*+json;charset=UTF-8]}" onto public org.springframework.http.ResponseEntity<org.springframework.hateoas.ResourceSupport> org.springframework.data.rest.webmvc.RepositoryPropertyReferenceController.deletePropertyReferenceId(org.springframework.data.rest.webmvc.RootResourceInformation,java.io.Serializable,java.lang.String,java.lang.String) throws java.lang.Exception
2016-01-14 07:56:57.282  INFO 28268 --- [           main] o.s.d.r.w.RepositoryRestHandlerMapping   : Mapped "{[/{repository}],methods=[OPTIONS],produces=[application/hal+json || application/json || application/*+json;charset=UTF-8]}" onto public org.springframework.http.ResponseEntity<?> org.springframework.data.rest.webmvc.RepositoryEntityController.optionsForCollectionResource(org.springframework.data.rest.webmvc.RootResourceInformation)
2016-01-14 07:56:57.283  INFO 28268 --- [           main] o.s.d.r.w.RepositoryRestHandlerMapping   : Mapped "{[/{repository}],methods=[HEAD],produces=[application/hal+json || application/json || application/*+json;charset=UTF-8]}" onto public org.springframework.http.ResponseEntity<?> org.springframework.data.rest.webmvc.RepositoryEntityController.headCollectionResource(org.springframework.data.rest.webmvc.RootResourceInformation,org.springframework.data.rest.webmvc.support.DefaultedPageable) throws org.springframework.web.HttpRequestMethodNotSupportedException
2016-01-14 07:56:57.283  INFO 28268 --- [           main] o.s.d.r.w.RepositoryRestHandlerMapping   : Mapped "{[/{repository}],methods=[GET],produces=[application/hal+json || application/json || application/*+json;charset=UTF-8]}" onto public org.springframework.hateoas.Resources<?> org.springframework.data.rest.webmvc.RepositoryEntityController.getCollectionResource(org.springframework.data.rest.webmvc.RootResourceInformation,org.springframework.data.rest.webmvc.support.DefaultedPageable,org.springframework.data.domain.Sort,org.springframework.data.rest.webmvc.PersistentEntityResourceAssembler) throws org.springframework.data.rest.webmvc.ResourceNotFoundException,org.springframework.web.HttpRequestMethodNotSupportedException
2016-01-14 07:56:57.283  INFO 28268 --- [           main] o.s.d.r.w.RepositoryRestHandlerMapping   : Mapped "{[/{repository}],methods=[GET],produces=[application/x-spring-data-compact+json || text/uri-list]}" onto public org.springframework.hateoas.Resources<?> org.springframework.data.rest.webmvc.RepositoryEntityController.getCollectionResourceCompact(org.springframework.data.rest.webmvc.RootResourceInformation,org.springframework.data.rest.webmvc.support.DefaultedPageable,org.springframework.data.domain.Sort,org.springframework.data.rest.webmvc.PersistentEntityResourceAssembler) throws org.springframework.data.rest.webmvc.ResourceNotFoundException,org.springframework.web.HttpRequestMethodNotSupportedException
2016-01-14 07:56:57.283  INFO 28268 --- [           main] o.s.d.r.w.RepositoryRestHandlerMapping   : Mapped "{[/{repository}],methods=[POST],produces=[application/hal+json || application/json || application/*+json;charset=UTF-8]}" onto public org.springframework.http.ResponseEntity<org.springframework.hateoas.ResourceSupport> org.springframework.data.rest.webmvc.RepositoryEntityController.postCollectionResource(org.springframework.data.rest.webmvc.RootResourceInformation,org.springframework.data.rest.webmvc.PersistentEntityResource,org.springframework.data.rest.webmvc.PersistentEntityResourceAssembler,java.lang.String) throws org.springframework.web.HttpRequestMethodNotSupportedException
2016-01-14 07:56:57.284  INFO 28268 --- [           main] o.s.d.r.w.RepositoryRestHandlerMapping   : Mapped "{[/{repository}/{id}],methods=[OPTIONS],produces=[application/hal+json || application/json || application/*+json;charset=UTF-8]}" onto public org.springframework.http.ResponseEntity<?> org.springframework.data.rest.webmvc.RepositoryEntityController.optionsForItemResource(org.springframework.data.rest.webmvc.RootResourceInformation)
2016-01-14 07:56:57.284  INFO 28268 --- [           main] o.s.d.r.w.RepositoryRestHandlerMapping   : Mapped "{[/{repository}/{id}],methods=[HEAD],produces=[application/hal+json || application/json || application/*+json;charset=UTF-8]}" onto public org.springframework.http.ResponseEntity<?> org.springframework.data.rest.webmvc.RepositoryEntityController.headForItemResource(org.springframework.data.rest.webmvc.RootResourceInformation,java.io.Serializable,org.springframework.data.rest.webmvc.PersistentEntityResourceAssembler) throws org.springframework.web.HttpRequestMethodNotSupportedException
2016-01-14 07:56:57.284  INFO 28268 --- [           main] o.s.d.r.w.RepositoryRestHandlerMapping   : Mapped "{[/{repository}/{id}],methods=[GET],produces=[application/hal+json || application/json || application/*+json;charset=UTF-8]}" onto public org.springframework.http.ResponseEntity<org.springframework.hateoas.Resource<?>> org.springframework.data.rest.webmvc.RepositoryEntityController.getItemResource(org.springframework.data.rest.webmvc.RootResourceInformation,java.io.Serializable,org.springframework.data.rest.webmvc.PersistentEntityResourceAssembler,org.springframework.util.MultiValueMap<java.lang.String, java.lang.String>) throws org.springframework.web.HttpRequestMethodNotSupportedException
2016-01-14 07:56:57.284  INFO 28268 --- [           main] o.s.d.r.w.RepositoryRestHandlerMapping   : Mapped "{[/{repository}/{id}],methods=[PUT],produces=[application/hal+json || application/json || application/*+json;charset=UTF-8]}" onto public org.springframework.http.ResponseEntity<? extends org.springframework.hateoas.ResourceSupport> org.springframework.data.rest.webmvc.RepositoryEntityController.putItemResource(org.springframework.data.rest.webmvc.RootResourceInformation,org.springframework.data.rest.webmvc.PersistentEntityResource,java.io.Serializable,org.springframework.data.rest.webmvc.PersistentEntityResourceAssembler,org.springframework.data.rest.webmvc.support.ETag,java.lang.String) throws org.springframework.web.HttpRequestMethodNotSupportedException
2016-01-14 07:56:57.284  INFO 28268 --- [           main] o.s.d.r.w.RepositoryRestHandlerMapping   : Mapped "{[/{repository}/{id}],methods=[PATCH],produces=[application/hal+json || application/json || application/*+json;charset=UTF-8]}" onto public org.springframework.http.ResponseEntity<org.springframework.hateoas.ResourceSupport> org.springframework.data.rest.webmvc.RepositoryEntityController.patchItemResource(org.springframework.data.rest.webmvc.RootResourceInformation,org.springframework.data.rest.webmvc.PersistentEntityResource,java.io.Serializable,org.springframework.data.rest.webmvc.PersistentEntityResourceAssembler,org.springframework.data.rest.webmvc.support.ETag,java.lang.String) throws org.springframework.web.HttpRequestMethodNotSupportedException,org.springframework.data.rest.webmvc.ResourceNotFoundException
2016-01-14 07:56:57.285  INFO 28268 --- [           main] o.s.d.r.w.RepositoryRestHandlerMapping   : Mapped "{[/{repository}/{id}],methods=[DELETE],produces=[application/hal+json || application/json || application/*+json;charset=UTF-8]}" onto public org.springframework.http.ResponseEntity<?> org.springframework.data.rest.webmvc.RepositoryEntityController.deleteItemResource(org.springframework.data.rest.webmvc.RootResourceInformation,java.io.Serializable,org.springframework.data.rest.webmvc.support.ETag) throws org.springframework.data.rest.webmvc.ResourceNotFoundException,org.springframework.web.HttpRequestMethodNotSupportedException
2016-01-14 07:56:57.286  INFO 28268 --- [           main] o.s.d.r.w.RepositoryRestHandlerMapping   : Mapped "{[/ || ],methods=[HEAD],produces=[application/hal+json || application/json || application/*+json;charset=UTF-8]}" onto public org.springframework.http.ResponseEntity<?> org.springframework.data.rest.webmvc.RepositoryController.headForRepositories()
2016-01-14 07:56:57.286  INFO 28268 --- [           main] o.s.d.r.w.RepositoryRestHandlerMapping   : Mapped "{[/ || ],methods=[OPTIONS],produces=[application/hal+json || application/json || application/*+json;charset=UTF-8]}" onto public org.springframework.http.HttpEntity<?> org.springframework.data.rest.webmvc.RepositoryController.optionsForRepositories()
2016-01-14 07:56:57.286  INFO 28268 --- [           main] o.s.d.r.w.RepositoryRestHandlerMapping   : Mapped "{[/ || ],methods=[GET],produces=[application/hal+json || application/json || application/*+json;charset=UTF-8]}" onto public org.springframework.http.HttpEntity<org.springframework.data.rest.webmvc.RepositoryLinksResource> org.springframework.data.rest.webmvc.RepositoryController.listRepositories()
2016-01-14 07:56:57.287  INFO 28268 --- [           main] o.s.d.r.w.RepositoryRestHandlerMapping   : Mapped "{[/{repository}/search],methods=[HEAD],produces=[application/hal+json || application/json || application/*+json;charset=UTF-8]}" onto public org.springframework.http.HttpEntity<?> org.springframework.data.rest.webmvc.RepositorySearchController.headForSearches(org.springframework.data.rest.webmvc.RootResourceInformation)
2016-01-14 07:56:57.288  INFO 28268 --- [           main] o.s.d.r.w.RepositoryRestHandlerMapping   : Mapped "{[/{repository}/search],methods=[GET],produces=[application/hal+json || application/json || application/*+json;charset=UTF-8]}" onto public org.springframework.data.rest.webmvc.RepositorySearchesResource org.springframework.data.rest.webmvc.RepositorySearchController.listSearches(org.springframework.data.rest.webmvc.RootResourceInformation)
2016-01-14 07:56:57.288  INFO 28268 --- [           main] o.s.d.r.w.RepositoryRestHandlerMapping   : Mapped "{[/{repository}/search],methods=[OPTIONS],produces=[application/hal+json || application/json || application/*+json;charset=UTF-8]}" onto public org.springframework.http.HttpEntity<?> org.springframework.data.rest.webmvc.RepositorySearchController.optionsForSearches(org.springframework.data.rest.webmvc.RootResourceInformation)
2016-01-14 07:56:57.288  INFO 28268 --- [           main] o.s.d.r.w.RepositoryRestHandlerMapping   : Mapped "{[/{repository}/search/{search}],methods=[GET],produces=[application/hal+json || application/json || application/*+json;charset=UTF-8]}" onto public org.springframework.http.ResponseEntity<java.lang.Object> org.springframework.data.rest.webmvc.RepositorySearchController.executeSearch(org.springframework.data.rest.webmvc.RootResourceInformation,org.springframework.util.MultiValueMap<java.lang.String, java.lang.Object>,java.lang.String,org.springframework.data.rest.webmvc.support.DefaultedPageable,org.springframework.data.domain.Sort,org.springframework.data.rest.webmvc.PersistentEntityResourceAssembler)
2016-01-14 07:56:57.288  INFO 28268 --- [           main] o.s.d.r.w.RepositoryRestHandlerMapping   : Mapped "{[/{repository}/search/{search}],methods=[GET],produces=[application/x-spring-data-compact+json]}" onto public org.springframework.hateoas.ResourceSupport org.springframework.data.rest.webmvc.RepositorySearchController.executeSearchCompact(org.springframework.data.rest.webmvc.RootResourceInformation,org.springframework.util.MultiValueMap<java.lang.String, java.lang.Object>,java.lang.String,java.lang.String,org.springframework.data.rest.webmvc.support.DefaultedPageable,org.springframework.data.domain.Sort,org.springframework.data.rest.webmvc.PersistentEntityResourceAssembler)
2016-01-14 07:56:57.288  INFO 28268 --- [           main] o.s.d.r.w.RepositoryRestHandlerMapping   : Mapped "{[/{repository}/search/{search}],methods=[OPTIONS],produces=[application/hal+json || application/json || application/*+json;charset=UTF-8]}" onto public org.springframework.http.ResponseEntity<java.lang.Object> org.springframework.data.rest.webmvc.RepositorySearchController.optionsForSearch(org.springframework.data.rest.webmvc.RootResourceInformation,java.lang.String)
2016-01-14 07:56:57.288  INFO 28268 --- [           main] o.s.d.r.w.RepositoryRestHandlerMapping   : Mapped "{[/{repository}/search/{search}],methods=[HEAD],produces=[application/hal+json || application/json || application/*+json;charset=UTF-8]}" onto public org.springframework.http.ResponseEntity<java.lang.Object> org.springframework.data.rest.webmvc.RepositorySearchController.headForSearch(org.springframework.data.rest.webmvc.RootResourceInformation,java.lang.String)
2016-01-14 07:56:57.290  INFO 28268 --- [           main] o.s.d.r.w.BasePathAwareHandlerMapping    : Mapped "{[/profile/{repository}],methods=[GET],produces=[application/schema+json]}" onto public org.springframework.http.HttpEntity<org.springframework.data.rest.webmvc.json.JsonSchema> org.springframework.data.rest.webmvc.RepositorySchemaController.schema(org.springframework.data.rest.webmvc.RootResourceInformation)
2016-01-14 07:56:57.290  INFO 28268 --- [           main] o.s.d.r.w.BasePathAwareHandlerMapping    : Mapped "{[/profile/{repository}],methods=[GET],produces=[application/alps+json || */*]}" onto org.springframework.http.HttpEntity<org.springframework.data.rest.webmvc.RootResourceInformation> org.springframework.data.rest.webmvc.alps.AlpsController.descriptor(org.springframework.data.rest.webmvc.RootResourceInformation)
2016-01-14 07:56:57.290  INFO 28268 --- [           main] o.s.d.r.w.BasePathAwareHandlerMapping    : Mapped "{[/profile/{repository}],methods=[OPTIONS],produces=[application/alps+json]}" onto org.springframework.http.HttpEntity<?> org.springframework.data.rest.webmvc.alps.AlpsController.alpsOptions()
2016-01-14 07:56:57.291  INFO 28268 --- [           main] o.s.d.r.w.BasePathAwareHandlerMapping    : Mapped "{[/profile],methods=[OPTIONS]}" onto public org.springframework.http.HttpEntity<?> org.springframework.data.rest.webmvc.ProfileController.profileOptions()
2016-01-14 07:56:57.291  INFO 28268 --- [           main] o.s.d.r.w.BasePathAwareHandlerMapping    : Mapped "{[/profile],methods=[GET]}" onto org.springframework.http.HttpEntity<org.springframework.hateoas.ResourceSupport> org.springframework.data.rest.webmvc.ProfileController.listAllFormsOfMetadata()
2016-01-14 07:56:57.299  INFO 28268 --- [           main] .m.m.a.ExceptionHandlerExceptionResolver : Detected @ExceptionHandler methods in repositoryRestExceptionHandler
2016-01-14 07:56:57.662  INFO 28268 --- [           main] s.b.c.e.t.TomcatEmbeddedServletContainer : Tomcat started on port(s): 56549 (http)
2016-01-14 07:56:57.778  INFO 28268 --- [           main] org.test.bookpub.dbcount.DbCountRunner   : PublisherRepository has 2 entries
2016-01-14 07:56:57.782  INFO 28268 --- [           main] org.test.bookpub.dbcount.DbCountRunner   : AuthorRepository has 2 entries
2016-01-14 07:56:57.786  INFO 28268 --- [           main] org.test.bookpub.dbcount.DbCountRunner   : ReviewerRepository has 0 entries
2016-01-14 07:56:57.792  INFO 28268 --- [           main] org.test.bookpub.dbcount.DbCountRunner   : BookRepository has 2 entries
2016-01-14 07:56:57.794  INFO 28268 --- [           main] hap05ATestingControllersApplicationTests : Started BookpubChap05ATestingControllersApplicationTests in 4.491 seconds (JVM running for 5.479)
2016-01-14 07:56:57.805  INFO 28268 --- [           main] o.s.jdbc.datasource.init.ScriptUtils     : Executing SQL script from class path resource [test-data.sql]
2016-01-14 07:56:57.806  INFO 28268 --- [           main] o.s.jdbc.datasource.init.ScriptUtils     : Executed SQL script from class path resource [test-data.sql] in 1 ms.
2016-01-14 07:56:57.811  INFO 28268 --- [           main] o.a.c.c.C.[Tomcat].[localhost].[/]       : Initializing Spring FrameworkServlet ''
2016-01-14 07:56:57.811  INFO 28268 --- [           main] o.s.t.web.servlet.TestDispatcherServlet  : FrameworkServlet '': initialization started
2016-01-14 07:56:57.822  INFO 28268 --- [           main] o.s.t.web.servlet.TestDispatcherServlet  : FrameworkServlet '': initialization completed in 11 ms
2016-01-14 07:56:58.127  INFO 28268 --- [o-auto-1-exec-1] o.a.c.c.C.[Tomcat].[localhost].[/]       : Initializing Spring FrameworkServlet 'dispatcherServlet'
2016-01-14 07:56:58.127  INFO 28268 --- [o-auto-1-exec-1] o.s.web.servlet.DispatcherServlet        : FrameworkServlet 'dispatcherServlet': initialization started
2016-01-14 07:56:58.130  INFO 28268 --- [o-auto-1-exec-1] o.s.web.servlet.DispatcherServlet        : FrameworkServlet 'dispatcherServlet': initialization completed in 3 ms
TEST: webappBookIsbnApi
2016-01-14 07:56:58.289  INFO 28268 --- [           main] o.a.c.c.C.[Tomcat].[localhost].[/]       : Initializing Spring FrameworkServlet ''
2016-01-14 07:56:58.289  INFO 28268 --- [           main] o.s.t.web.servlet.TestDispatcherServlet  : FrameworkServlet '': initialization started
2016-01-14 07:56:58.291  INFO 28268 --- [           main] o.s.t.web.servlet.TestDispatcherServlet  : FrameworkServlet '': initialization completed in 2 ms
2016-01-14 07:56:58.298  INFO 28268 --- [           main] o.a.c.c.C.[Tomcat].[localhost].[/]       : Initializing Spring FrameworkServlet ''
2016-01-14 07:56:58.298  INFO 28268 --- [           main] o.s.t.web.servlet.TestDispatcherServlet  : FrameworkServlet '': initialization started
2016-01-14 07:56:58.300  INFO 28268 --- [           main] o.s.t.web.servlet.TestDispatcherServlet  : FrameworkServlet '': initialization completed in 2 ms
TEST: webappPublisherApi
Tests run: 3, Failures: 0, Errors: 0, Skipped: 0, Time elapsed: 5.362 sec - in org.test.BookpubChap05ATestingControllersApplicationTests
Running org.test.PublisherRepositoryTests
2016-01-14 07:56:58.422  INFO 28268 --- [           main] o.s.t.c.support.AbstractContextLoader    : Could not detect default resource locations for test class [org.test.PublisherRepositoryTests]: no resource found for suffixes {-context.xml, Context.groovy}.
2016-01-14 07:56:58.422  INFO 28268 --- [           main] o.s.t.c.s.DefaultTestContextBootstrapper : Using TestExecutionListeners: [org.springframework.boot.test.IntegrationTestPropertiesListener@7fac18dc, org.springframework.test.context.support.DirtiesContextBeforeModesTestExecutionListener@50bf795f, org.springframework.test.context.support.DependencyInjectionTestExecutionListener@29fcfc54, org.springframework.test.context.support.DirtiesContextTestExecutionListener@353b0719, org.springframework.test.context.transaction.TransactionalTestExecutionListener@2a4e939a, org.springframework.test.context.jdbc.SqlScriptsTestExecutionListener@110620d]

  .   ____          _            __ _ _
 /\\ / ___'_ __ _ _(_)_ __  __ _ \ \ \ \
( ( )\___ | '_ | '_| | '_ \/ _` | \ \ \ \
 \\/  ___)| |_)| | | | | || (_| |  ) ) ) )
  '  |____| .__|_| |_|_| |_\__, | / / / /
 =========|_|==============|___/=/_/_/_/
 :: Spring Boot ::        (v1.3.1.RELEASE)

2016-01-14 07:56:58.460  INFO 28268 --- [           main] org.test.PublisherRepositoryTests        : Starting PublisherRepositoryTests on Jatinkumars-MacBook-Pro.local with PID 28268 (/Users/JatinPatel/Documents/Study/Spring4/cookbook/bookpub_chap05_f_spock/target/test-classes started by JatinPatel in /Users/JatinPatel/Documents/Study/Spring4/cookbook/bookpub_chap05_f_spock)
2016-01-14 07:56:58.460  INFO 28268 --- [           main] org.test.PublisherRepositoryTests        : No active profile set, falling back to default profiles: default
2016-01-14 07:56:58.461  INFO 28268 --- [           main] s.c.a.AnnotationConfigApplicationContext : Refreshing org.springframework.context.annotation.AnnotationConfigApplicationContext@166e5a6d: startup date [Thu Jan 14 07:56:58 PST 2016]; root of context hierarchy
2016-01-14 07:56:58.615  INFO 28268 --- [pool-3-thread-1] org.test.bookpub.StartupRunner           : Number of books: 3
2016-01-14 07:56:58.755  INFO 28268 --- [           main] o.s.jdbc.datasource.init.ScriptUtils     : Executing SQL script from URL [file:/Users/JatinPatel/Documents/Study/Spring4/cookbook/bookpub_chap05_f_spock/target/classes/schema.sql]
2016-01-14 07:56:58.767  INFO 28268 --- [           main] o.s.jdbc.datasource.init.ScriptUtils     : Executed SQL script from URL [file:/Users/JatinPatel/Documents/Study/Spring4/cookbook/bookpub_chap05_f_spock/target/classes/schema.sql] in 12 ms.
2016-01-14 07:56:58.769  INFO 28268 --- [           main] o.s.jdbc.datasource.init.ScriptUtils     : Executing SQL script from URL [file:/Users/JatinPatel/Documents/Study/Spring4/cookbook/bookpub_chap05_f_spock/target/test-classes/data.sql]
2016-01-14 07:56:58.770  INFO 28268 --- [           main] o.s.jdbc.datasource.init.ScriptUtils     : Executed SQL script from URL [file:/Users/JatinPatel/Documents/Study/Spring4/cookbook/bookpub_chap05_f_spock/target/test-classes/data.sql] in 1 ms.
2016-01-14 07:56:58.770  INFO 28268 --- [           main] o.s.jdbc.datasource.init.ScriptUtils     : Executing SQL script from URL [file:/Users/JatinPatel/Documents/Study/Spring4/cookbook/bookpub_chap05_f_spock/target/classes/data.sql]
2016-01-14 07:56:58.770  INFO 28268 --- [           main] o.s.jdbc.datasource.init.ScriptUtils     : Executed SQL script from URL [file:/Users/JatinPatel/Documents/Study/Spring4/cookbook/bookpub_chap05_f_spock/target/classes/data.sql] in 0 ms.
2016-01-14 07:56:58.790  INFO 28268 --- [           main] j.LocalContainerEntityManagerFactoryBean : Building JPA container EntityManagerFactory for persistence unit 'default'
2016-01-14 07:56:58.790  INFO 28268 --- [           main] o.hibernate.jpa.internal.util.LogHelper  : HHH000204: Processing PersistenceUnitInfo [
	name: default
	...]
2016-01-14 07:56:58.796  INFO 28268 --- [           main] org.hibernate.dialect.Dialect            : HHH000400: Using dialect: org.hibernate.dialect.H2Dialect
2016-01-14 07:56:58.802  INFO 28268 --- [           main] o.h.h.i.ast.ASTQueryTranslatorFactory    : HHH000397: Using ASTQueryTranslatorFactory
2016-01-14 07:56:58.825  WARN 28268 --- [           main] o.h.j.i.EntityManagerFactoryRegistry     : HHH000436: Entity manager factory name (default) is already registered.  If entity manager will be clustered or passivated, specify a unique value for property 'hibernate.ejb.entitymanager_factory_name'
2016-01-14 07:56:59.121  INFO 28268 --- [           main] org.test.bookpub.dbcount.DbCountRunner   : PublisherRepository has 0 entries
2016-01-14 07:56:59.125  INFO 28268 --- [           main] org.test.bookpub.dbcount.DbCountRunner   : PublisherRepository has 2 entries
2016-01-14 07:56:59.129  INFO 28268 --- [           main] org.test.bookpub.dbcount.DbCountRunner   : AuthorRepository has 2 entries
2016-01-14 07:56:59.132  INFO 28268 --- [           main] org.test.bookpub.dbcount.DbCountRunner   : BookRepository has 2 entries
2016-01-14 07:56:59.135  INFO 28268 --- [           main] org.test.bookpub.dbcount.DbCountRunner   : ReviewerRepository has 0 entries
2016-01-14 07:56:59.135  INFO 28268 --- [           main] org.test.PublisherRepositoryTests        : Started PublisherRepositoryTests in 0.709 seconds (JVM running for 6.82)
Tests run: 1, Failures: 0, Errors: 0, Skipped: 0, Time elapsed: 0.709 sec - in org.test.PublisherRepositoryTests
Running org.test.RunCukeTests
@txn
Feature: Finding a book by ISBN
2016-01-14 07:56:59.180  INFO 28268 --- [           main] o.s.t.c.support.AbstractContextLoader    : Could not detect default resource locations for test class [org.test.RestfulStepdefs]: no resource found for suffixes {-context.xml, Context.groovy}.
2016-01-14 07:56:59.182  INFO 28268 --- [           main] o.s.t.c.web.WebTestContextBootstrapper   : Loaded default TestExecutionListener class names from location [META-INF/spring.factories]: [org.springframework.test.context.web.ServletTestExecutionListener, org.springframework.test.context.support.DirtiesContextBeforeModesTestExecutionListener, org.springframework.test.context.support.DependencyInjectionTestExecutionListener, org.springframework.test.context.support.DirtiesContextTestExecutionListener, org.springframework.test.context.transaction.TransactionalTestExecutionListener, org.springframework.test.context.jdbc.SqlScriptsTestExecutionListener]
2016-01-14 07:56:59.182  INFO 28268 --- [           main] o.s.t.c.web.WebTestContextBootstrapper   : Using TestExecutionListeners: [org.springframework.test.context.web.ServletTestExecutionListener@4cd8db31, org.springframework.test.context.support.DirtiesContextBeforeModesTestExecutionListener@201a8ea7, org.springframework.test.context.support.DependencyInjectionTestExecutionListener@ecf028c, org.springframework.test.context.support.DirtiesContextTestExecutionListener@7b64bbad, org.springframework.test.context.transaction.TransactionalTestExecutionListener@71eff6a3, org.springframework.test.context.jdbc.SqlScriptsTestExecutionListener@574218f]

  .   ____          _            __ _ _
 /\\ / ___'_ __ _ _(_)_ __  __ _ \ \ \ \
( ( )\___ | '_ | '_| | '_ \/ _` | \ \ \ \
 \\/  ___)| |_)| | | | | || (_| |  ) ) ) )
  '  |____| .__|_| |_|_| |_\__, | / / / /
 =========|_|==============|___/=/_/_/_/
 :: Spring Boot ::        (v1.3.1.RELEASE)

2016-01-14 07:56:59.215  INFO 28268 --- [           main] org.test.RestfulStepdefs                 : Starting RestfulStepdefs on Jatinkumars-MacBook-Pro.local with PID 28268 (/Users/JatinPatel/Documents/Study/Spring4/cookbook/bookpub_chap05_f_spock/target/test-classes started by JatinPatel in /Users/JatinPatel/Documents/Study/Spring4/cookbook/bookpub_chap05_f_spock)
2016-01-14 07:56:59.215  INFO 28268 --- [           main] org.test.RestfulStepdefs                 : No active profile set, falling back to default profiles: default
2016-01-14 07:56:59.217  INFO 28268 --- [           main] o.s.w.c.s.GenericWebApplicationContext   : Refreshing org.springframework.web.context.support.GenericWebApplicationContext@1dd76982: startup date [Thu Jan 14 07:56:59 PST 2016]; root of context hierarchy
2016-01-14 07:56:59.510  INFO 28268 --- [           main] o.s.b.f.s.DefaultListableBeanFactory     : Overriding bean definition for bean 'beanNameViewResolver' with a different definition: replacing [Root bean: class [null]; scope=; abstract=false; lazyInit=false; autowireMode=3; dependencyCheck=0; autowireCandidate=true; primary=false; factoryBeanName=org.springframework.boot.autoconfigure.web.ErrorMvcAutoConfiguration$WhitelabelErrorViewConfiguration; factoryMethodName=beanNameViewResolver; initMethodName=null; destroyMethodName=(inferred); defined in class path resource [org/springframework/boot/autoconfigure/web/ErrorMvcAutoConfiguration$WhitelabelErrorViewConfiguration.class]] with [Root bean: class [null]; scope=; abstract=false; lazyInit=false; autowireMode=3; dependencyCheck=0; autowireCandidate=true; primary=false; factoryBeanName=org.springframework.boot.autoconfigure.web.WebMvcAutoConfiguration$WebMvcAutoConfigurationAdapter; factoryMethodName=beanNameViewResolver; initMethodName=null; destroyMethodName=(inferred); defined in class path resource [org/springframework/boot/autoconfigure/web/WebMvcAutoConfiguration$WebMvcAutoConfigurationAdapter.class]]
2016-01-14 07:56:59.577  INFO 28268 --- [           main] trationDelegate$BeanPostProcessorChecker : Bean 'org.springframework.transaction.annotation.ProxyTransactionManagementConfiguration' of type [class org.springframework.transaction.annotation.ProxyTransactionManagementConfiguration$$EnhancerBySpringCGLIB$$2b71561f] is not eligible for getting processed by all BeanPostProcessors (for example: not eligible for auto-proxying)
2016-01-14 07:56:59.679  INFO 28268 --- [           main] o.s.jdbc.datasource.init.ScriptUtils     : Executing SQL script from URL [file:/Users/JatinPatel/Documents/Study/Spring4/cookbook/bookpub_chap05_f_spock/target/classes/schema.sql]
2016-01-14 07:56:59.690  INFO 28268 --- [           main] o.s.jdbc.datasource.init.ScriptUtils     : Executed SQL script from URL [file:/Users/JatinPatel/Documents/Study/Spring4/cookbook/bookpub_chap05_f_spock/target/classes/schema.sql] in 11 ms.
2016-01-14 07:56:59.690  INFO 28268 --- [           main] o.s.jdbc.datasource.init.ScriptUtils     : Executing SQL script from URL [file:/Users/JatinPatel/Documents/Study/Spring4/cookbook/bookpub_chap05_f_spock/target/test-classes/data.sql]
2016-01-14 07:56:59.692  INFO 28268 --- [           main] o.s.jdbc.datasource.init.ScriptUtils     : Executed SQL script from URL [file:/Users/JatinPatel/Documents/Study/Spring4/cookbook/bookpub_chap05_f_spock/target/test-classes/data.sql] in 2 ms.
2016-01-14 07:56:59.692  INFO 28268 --- [           main] o.s.jdbc.datasource.init.ScriptUtils     : Executing SQL script from URL [file:/Users/JatinPatel/Documents/Study/Spring4/cookbook/bookpub_chap05_f_spock/target/classes/data.sql]
2016-01-14 07:56:59.693  INFO 28268 --- [           main] o.s.jdbc.datasource.init.ScriptUtils     : Executed SQL script from URL [file:/Users/JatinPatel/Documents/Study/Spring4/cookbook/bookpub_chap05_f_spock/target/classes/data.sql] in 1 ms.
2016-01-14 07:56:59.717  INFO 28268 --- [           main] j.LocalContainerEntityManagerFactoryBean : Building JPA container EntityManagerFactory for persistence unit 'default'
2016-01-14 07:56:59.717  INFO 28268 --- [           main] o.hibernate.jpa.internal.util.LogHelper  : HHH000204: Processing PersistenceUnitInfo [
	name: default
	...]
2016-01-14 07:56:59.724  INFO 28268 --- [           main] org.hibernate.dialect.Dialect            : HHH000400: Using dialect: org.hibernate.dialect.H2Dialect
2016-01-14 07:56:59.731  INFO 28268 --- [           main] o.h.h.i.ast.ASTQueryTranslatorFactory    : HHH000397: Using ASTQueryTranslatorFactory
2016-01-14 07:56:59.749  WARN 28268 --- [           main] o.h.j.i.EntityManagerFactoryRegistry     : HHH000436: Entity manager factory name (default) is already registered.  If entity manager will be clustered or passivated, specify a unique value for property 'hibernate.ejb.entitymanager_factory_name'
2016-01-14 07:56:59.850  INFO 28268 --- [           main] o.s.b.f.config.PropertiesFactoryBean     : Loading properties file from class path resource [rest-default-messages.properties]
2016-01-14 07:57:00.040  INFO 28268 --- [           main] s.w.s.m.m.a.RequestMappingHandlerAdapter : Looking for @ControllerAdvice: org.springframework.web.context.support.GenericWebApplicationContext@1dd76982: startup date [Thu Jan 14 07:56:59 PST 2016]; root of context hierarchy
2016-01-14 07:57:00.051  INFO 28268 --- [           main] s.w.s.m.m.a.RequestMappingHandlerMapping : Mapped "{[/books/session],methods=[GET]}" onto public java.lang.String org.test.bookpub.controllers.BookController.getSessionId(javax.servlet.http.HttpServletRequest)
2016-01-14 07:57:00.051  INFO 28268 --- [           main] s.w.s.m.m.a.RequestMappingHandlerMapping : Mapped "{[/books/{isbn}],methods=[GET]}" onto public org.test.bookpub.entity.Book org.test.bookpub.controllers.BookController.getBook(java.lang.String)
2016-01-14 07:57:00.051  INFO 28268 --- [           main] s.w.s.m.m.a.RequestMappingHandlerMapping : Mapped "{[/books],methods=[GET]}" onto public java.lang.Iterable<org.test.bookpub.entity.Book> org.test.bookpub.controllers.BookController.getAllBooks()
2016-01-14 07:57:00.051  INFO 28268 --- [           main] s.w.s.m.m.a.RequestMappingHandlerMapping : Mapped "{[/books/{isbn}/reviewers],methods=[GET]}" onto public java.util.List<org.test.bookpub.entity.Reviewer> org.test.bookpub.controllers.BookController.getReviewers(org.test.bookpub.entity.Book)
2016-01-14 07:57:00.051  INFO 28268 --- [           main] s.w.s.m.m.a.RequestMappingHandlerMapping : Mapped "{[/books/publisher/{id}],methods=[GET]}" onto public java.util.List<org.test.bookpub.entity.Book> org.test.bookpub.controllers.BookController.getBooksByPublisher(java.lang.Long)
2016-01-14 07:57:00.052  INFO 28268 --- [           main] s.w.s.m.m.a.RequestMappingHandlerMapping : Mapped "{[/error]}" onto public org.springframework.http.ResponseEntity<java.util.Map<java.lang.String, java.lang.Object>> org.springframework.boot.autoconfigure.web.BasicErrorController.error(javax.servlet.http.HttpServletRequest)
2016-01-14 07:57:00.052  INFO 28268 --- [           main] s.w.s.m.m.a.RequestMappingHandlerMapping : Mapped "{[/error],produces=[text/html]}" onto public org.springframework.web.servlet.ModelAndView org.springframework.boot.autoconfigure.web.BasicErrorController.errorHtml(javax.servlet.http.HttpServletRequest,javax.servlet.http.HttpServletResponse)
2016-01-14 07:57:00.067  INFO 28268 --- [           main] o.s.w.s.handler.SimpleUrlHandlerMapping  : Mapped URL path [/internal/**] onto handler of type [class org.springframework.web.servlet.resource.ResourceHttpRequestHandler]
2016-01-14 07:57:00.067  INFO 28268 --- [           main] o.s.w.s.handler.SimpleUrlHandlerMapping  : Mapped URL path [/webjars/**] onto handler of type [class org.springframework.web.servlet.resource.ResourceHttpRequestHandler]
2016-01-14 07:57:00.067  INFO 28268 --- [           main] o.s.w.s.handler.SimpleUrlHandlerMapping  : Mapped URL path [/**] onto handler of type [class org.springframework.web.servlet.resource.ResourceHttpRequestHandler]
2016-01-14 07:57:00.075  INFO 28268 --- [           main] .m.m.a.ExceptionHandlerExceptionResolver : Detected @ExceptionHandler methods in repositoryRestExceptionHandler
2016-01-14 07:57:00.084  INFO 28268 --- [           main] o.s.w.s.handler.SimpleUrlHandlerMapping  : Mapped URL path [/**/favicon.ico] onto handler of type [class org.springframework.web.servlet.resource.ResourceHttpRequestHandler]
2016-01-14 07:57:00.120  INFO 28268 --- [pool-6-thread-1] org.test.bookpub.StartupRunner           : Number of books: 2
2016-01-14 07:57:00.168  INFO 28268 --- [           main] o.s.d.r.w.RepositoryRestHandlerAdapter   : Looking for @ControllerAdvice: org.springframework.web.context.support.GenericWebApplicationContext@1dd76982: startup date [Thu Jan 14 07:56:59 PST 2016]; root of context hierarchy
2016-01-14 07:57:00.172  INFO 28268 --- [           main] o.s.d.r.w.RepositoryRestHandlerMapping   : Mapped "{[/{repository}/{id}/{property}],methods=[GET],produces=[application/hal+json || application/json || application/*+json;charset=UTF-8]}" onto public org.springframework.http.ResponseEntity<org.springframework.hateoas.ResourceSupport> org.springframework.data.rest.webmvc.RepositoryPropertyReferenceController.followPropertyReference(org.springframework.data.rest.webmvc.RootResourceInformation,java.io.Serializable,java.lang.String,org.springframework.data.rest.webmvc.PersistentEntityResourceAssembler) throws java.lang.Exception
2016-01-14 07:57:00.172  INFO 28268 --- [           main] o.s.d.r.w.RepositoryRestHandlerMapping   : Mapped "{[/{repository}/{id}/{property}/{propertyId}],methods=[GET],produces=[application/hal+json || application/json || application/*+json;charset=UTF-8]}" onto public org.springframework.http.ResponseEntity<org.springframework.hateoas.ResourceSupport> org.springframework.data.rest.webmvc.RepositoryPropertyReferenceController.followPropertyReference(org.springframework.data.rest.webmvc.RootResourceInformation,java.io.Serializable,java.lang.String,java.lang.String,org.springframework.data.rest.webmvc.PersistentEntityResourceAssembler) throws java.lang.Exception
2016-01-14 07:57:00.172  INFO 28268 --- [           main] o.s.d.r.w.RepositoryRestHandlerMapping   : Mapped "{[/{repository}/{id}/{property}],methods=[DELETE],produces=[application/hal+json || application/json || application/*+json;charset=UTF-8]}" onto public org.springframework.http.ResponseEntity<? extends org.springframework.hateoas.ResourceSupport> org.springframework.data.rest.webmvc.RepositoryPropertyReferenceController.deletePropertyReference(org.springframework.data.rest.webmvc.RootResourceInformation,java.io.Serializable,java.lang.String) throws java.lang.Exception
2016-01-14 07:57:00.172  INFO 28268 --- [           main] o.s.d.r.w.RepositoryRestHandlerMapping   : Mapped "{[/{repository}/{id}/{property}],methods=[GET],produces=[application/x-spring-data-compact+json || text/uri-list]}" onto public org.springframework.http.ResponseEntity<org.springframework.hateoas.ResourceSupport> org.springframework.data.rest.webmvc.RepositoryPropertyReferenceController.followPropertyReferenceCompact(org.springframework.data.rest.webmvc.RootResourceInformation,java.io.Serializable,java.lang.String,org.springframework.data.rest.webmvc.PersistentEntityResourceAssembler) throws java.lang.Exception
2016-01-14 07:57:00.172  INFO 28268 --- [           main] o.s.d.r.w.RepositoryRestHandlerMapping   : Mapped "{[/{repository}/{id}/{property}],methods=[PATCH || PUT || POST],consumes=[application/json || application/x-spring-data-compact+json || text/uri-list],produces=[application/hal+json || application/json || application/*+json;charset=UTF-8]}" onto public org.springframework.http.ResponseEntity<? extends org.springframework.hateoas.ResourceSupport> org.springframework.data.rest.webmvc.RepositoryPropertyReferenceController.createPropertyReference(org.springframework.data.rest.webmvc.RootResourceInformation,org.springframework.http.HttpMethod,org.springframework.hateoas.Resources<java.lang.Object>,java.io.Serializable,java.lang.String) throws java.lang.Exception
2016-01-14 07:57:00.173  INFO 28268 --- [           main] o.s.d.r.w.RepositoryRestHandlerMapping   : Mapped "{[/{repository}/{id}/{property}/{propertyId}],methods=[DELETE],produces=[application/hal+json || application/json || application/*+json;charset=UTF-8]}" onto public org.springframework.http.ResponseEntity<org.springframework.hateoas.ResourceSupport> org.springframework.data.rest.webmvc.RepositoryPropertyReferenceController.deletePropertyReferenceId(org.springframework.data.rest.webmvc.RootResourceInformation,java.io.Serializable,java.lang.String,java.lang.String) throws java.lang.Exception
2016-01-14 07:57:00.174  INFO 28268 --- [           main] o.s.d.r.w.RepositoryRestHandlerMapping   : Mapped "{[/{repository}],methods=[OPTIONS],produces=[application/hal+json || application/json || application/*+json;charset=UTF-8]}" onto public org.springframework.http.ResponseEntity<?> org.springframework.data.rest.webmvc.RepositoryEntityController.optionsForCollectionResource(org.springframework.data.rest.webmvc.RootResourceInformation)
2016-01-14 07:57:00.175  INFO 28268 --- [           main] o.s.d.r.w.RepositoryRestHandlerMapping   : Mapped "{[/{repository}],methods=[HEAD],produces=[application/hal+json || application/json || application/*+json;charset=UTF-8]}" onto public org.springframework.http.ResponseEntity<?> org.springframework.data.rest.webmvc.RepositoryEntityController.headCollectionResource(org.springframework.data.rest.webmvc.RootResourceInformation,org.springframework.data.rest.webmvc.support.DefaultedPageable) throws org.springframework.web.HttpRequestMethodNotSupportedException
2016-01-14 07:57:00.175  INFO 28268 --- [           main] o.s.d.r.w.RepositoryRestHandlerMapping   : Mapped "{[/{repository}],methods=[GET],produces=[application/hal+json || application/json || application/*+json;charset=UTF-8]}" onto public org.springframework.hateoas.Resources<?> org.springframework.data.rest.webmvc.RepositoryEntityController.getCollectionResource(org.springframework.data.rest.webmvc.RootResourceInformation,org.springframework.data.rest.webmvc.support.DefaultedPageable,org.springframework.data.domain.Sort,org.springframework.data.rest.webmvc.PersistentEntityResourceAssembler) throws org.springframework.data.rest.webmvc.ResourceNotFoundException,org.springframework.web.HttpRequestMethodNotSupportedException
2016-01-14 07:57:00.175  INFO 28268 --- [           main] o.s.d.r.w.RepositoryRestHandlerMapping   : Mapped "{[/{repository}],methods=[GET],produces=[application/x-spring-data-compact+json || text/uri-list]}" onto public org.springframework.hateoas.Resources<?> org.springframework.data.rest.webmvc.RepositoryEntityController.getCollectionResourceCompact(org.springframework.data.rest.webmvc.RootResourceInformation,org.springframework.data.rest.webmvc.support.DefaultedPageable,org.springframework.data.domain.Sort,org.springframework.data.rest.webmvc.PersistentEntityResourceAssembler) throws org.springframework.data.rest.webmvc.ResourceNotFoundException,org.springframework.web.HttpRequestMethodNotSupportedException
2016-01-14 07:57:00.175  INFO 28268 --- [           main] o.s.d.r.w.RepositoryRestHandlerMapping   : Mapped "{[/{repository}],methods=[POST],produces=[application/hal+json || application/json || application/*+json;charset=UTF-8]}" onto public org.springframework.http.ResponseEntity<org.springframework.hateoas.ResourceSupport> org.springframework.data.rest.webmvc.RepositoryEntityController.postCollectionResource(org.springframework.data.rest.webmvc.RootResourceInformation,org.springframework.data.rest.webmvc.PersistentEntityResource,org.springframework.data.rest.webmvc.PersistentEntityResourceAssembler,java.lang.String) throws org.springframework.web.HttpRequestMethodNotSupportedException
2016-01-14 07:57:00.175  INFO 28268 --- [           main] o.s.d.r.w.RepositoryRestHandlerMapping   : Mapped "{[/{repository}/{id}],methods=[OPTIONS],produces=[application/hal+json || application/json || application/*+json;charset=UTF-8]}" onto public org.springframework.http.ResponseEntity<?> org.springframework.data.rest.webmvc.RepositoryEntityController.optionsForItemResource(org.springframework.data.rest.webmvc.RootResourceInformation)
2016-01-14 07:57:00.176  INFO 28268 --- [           main] o.s.d.r.w.RepositoryRestHandlerMapping   : Mapped "{[/{repository}/{id}],methods=[HEAD],produces=[application/hal+json || application/json || application/*+json;charset=UTF-8]}" onto public org.springframework.http.ResponseEntity<?> org.springframework.data.rest.webmvc.RepositoryEntityController.headForItemResource(org.springframework.data.rest.webmvc.RootResourceInformation,java.io.Serializable,org.springframework.data.rest.webmvc.PersistentEntityResourceAssembler) throws org.springframework.web.HttpRequestMethodNotSupportedException
2016-01-14 07:57:00.176  INFO 28268 --- [           main] o.s.d.r.w.RepositoryRestHandlerMapping   : Mapped "{[/{repository}/{id}],methods=[GET],produces=[application/hal+json || application/json || application/*+json;charset=UTF-8]}" onto public org.springframework.http.ResponseEntity<org.springframework.hateoas.Resource<?>> org.springframework.data.rest.webmvc.RepositoryEntityController.getItemResource(org.springframework.data.rest.webmvc.RootResourceInformation,java.io.Serializable,org.springframework.data.rest.webmvc.PersistentEntityResourceAssembler,org.springframework.util.MultiValueMap<java.lang.String, java.lang.String>) throws org.springframework.web.HttpRequestMethodNotSupportedException
2016-01-14 07:57:00.176  INFO 28268 --- [           main] o.s.d.r.w.RepositoryRestHandlerMapping   : Mapped "{[/{repository}/{id}],methods=[PUT],produces=[application/hal+json || application/json || application/*+json;charset=UTF-8]}" onto public org.springframework.http.ResponseEntity<? extends org.springframework.hateoas.ResourceSupport> org.springframework.data.rest.webmvc.RepositoryEntityController.putItemResource(org.springframework.data.rest.webmvc.RootResourceInformation,org.springframework.data.rest.webmvc.PersistentEntityResource,java.io.Serializable,org.springframework.data.rest.webmvc.PersistentEntityResourceAssembler,org.springframework.data.rest.webmvc.support.ETag,java.lang.String) throws org.springframework.web.HttpRequestMethodNotSupportedException
2016-01-14 07:57:00.176  INFO 28268 --- [           main] o.s.d.r.w.RepositoryRestHandlerMapping   : Mapped "{[/{repository}/{id}],methods=[PATCH],produces=[application/hal+json || application/json || application/*+json;charset=UTF-8]}" onto public org.springframework.http.ResponseEntity<org.springframework.hateoas.ResourceSupport> org.springframework.data.rest.webmvc.RepositoryEntityController.patchItemResource(org.springframework.data.rest.webmvc.RootResourceInformation,org.springframework.data.rest.webmvc.PersistentEntityResource,java.io.Serializable,org.springframework.data.rest.webmvc.PersistentEntityResourceAssembler,org.springframework.data.rest.webmvc.support.ETag,java.lang.String) throws org.springframework.web.HttpRequestMethodNotSupportedException,org.springframework.data.rest.webmvc.ResourceNotFoundException
2016-01-14 07:57:00.176  INFO 28268 --- [           main] o.s.d.r.w.RepositoryRestHandlerMapping   : Mapped "{[/{repository}/{id}],methods=[DELETE],produces=[application/hal+json || application/json || application/*+json;charset=UTF-8]}" onto public org.springframework.http.ResponseEntity<?> org.springframework.data.rest.webmvc.RepositoryEntityController.deleteItemResource(org.springframework.data.rest.webmvc.RootResourceInformation,java.io.Serializable,org.springframework.data.rest.webmvc.support.ETag) throws org.springframework.data.rest.webmvc.ResourceNotFoundException,org.springframework.web.HttpRequestMethodNotSupportedException
2016-01-14 07:57:00.177  INFO 28268 --- [           main] o.s.d.r.w.RepositoryRestHandlerMapping   : Mapped "{[/ || ],methods=[HEAD],produces=[application/hal+json || application/json || application/*+json;charset=UTF-8]}" onto public org.springframework.http.ResponseEntity<?> org.springframework.data.rest.webmvc.RepositoryController.headForRepositories()
2016-01-14 07:57:00.177  INFO 28268 --- [           main] o.s.d.r.w.RepositoryRestHandlerMapping   : Mapped "{[/ || ],methods=[OPTIONS],produces=[application/hal+json || application/json || application/*+json;charset=UTF-8]}" onto public org.springframework.http.HttpEntity<?> org.springframework.data.rest.webmvc.RepositoryController.optionsForRepositories()
2016-01-14 07:57:00.178  INFO 28268 --- [           main] o.s.d.r.w.RepositoryRestHandlerMapping   : Mapped "{[/ || ],methods=[GET],produces=[application/hal+json || application/json || application/*+json;charset=UTF-8]}" onto public org.springframework.http.HttpEntity<org.springframework.data.rest.webmvc.RepositoryLinksResource> org.springframework.data.rest.webmvc.RepositoryController.listRepositories()
2016-01-14 07:57:00.179  INFO 28268 --- [           main] o.s.d.r.w.RepositoryRestHandlerMapping   : Mapped "{[/{repository}/search],methods=[HEAD],produces=[application/hal+json || application/json || application/*+json;charset=UTF-8]}" onto public org.springframework.http.HttpEntity<?> org.springframework.data.rest.webmvc.RepositorySearchController.headForSearches(org.springframework.data.rest.webmvc.RootResourceInformation)
2016-01-14 07:57:00.179  INFO 28268 --- [           main] o.s.d.r.w.RepositoryRestHandlerMapping   : Mapped "{[/{repository}/search],methods=[GET],produces=[application/hal+json || application/json || application/*+json;charset=UTF-8]}" onto public org.springframework.data.rest.webmvc.RepositorySearchesResource org.springframework.data.rest.webmvc.RepositorySearchController.listSearches(org.springframework.data.rest.webmvc.RootResourceInformation)
2016-01-14 07:57:00.179  INFO 28268 --- [           main] o.s.d.r.w.RepositoryRestHandlerMapping   : Mapped "{[/{repository}/search],methods=[OPTIONS],produces=[application/hal+json || application/json || application/*+json;charset=UTF-8]}" onto public org.springframework.http.HttpEntity<?> org.springframework.data.rest.webmvc.RepositorySearchController.optionsForSearches(org.springframework.data.rest.webmvc.RootResourceInformation)
2016-01-14 07:57:00.180  INFO 28268 --- [           main] o.s.d.r.w.RepositoryRestHandlerMapping   : Mapped "{[/{repository}/search/{search}],methods=[GET],produces=[application/hal+json || application/json || application/*+json;charset=UTF-8]}" onto public org.springframework.http.ResponseEntity<java.lang.Object> org.springframework.data.rest.webmvc.RepositorySearchController.executeSearch(org.springframework.data.rest.webmvc.RootResourceInformation,org.springframework.util.MultiValueMap<java.lang.String, java.lang.Object>,java.lang.String,org.springframework.data.rest.webmvc.support.DefaultedPageable,org.springframework.data.domain.Sort,org.springframework.data.rest.webmvc.PersistentEntityResourceAssembler)
2016-01-14 07:57:00.180  INFO 28268 --- [           main] o.s.d.r.w.RepositoryRestHandlerMapping   : Mapped "{[/{repository}/search/{search}],methods=[GET],produces=[application/x-spring-data-compact+json]}" onto public org.springframework.hateoas.ResourceSupport org.springframework.data.rest.webmvc.RepositorySearchController.executeSearchCompact(org.springframework.data.rest.webmvc.RootResourceInformation,org.springframework.util.MultiValueMap<java.lang.String, java.lang.Object>,java.lang.String,java.lang.String,org.springframework.data.rest.webmvc.support.DefaultedPageable,org.springframework.data.domain.Sort,org.springframework.data.rest.webmvc.PersistentEntityResourceAssembler)
2016-01-14 07:57:00.180  INFO 28268 --- [           main] o.s.d.r.w.RepositoryRestHandlerMapping   : Mapped "{[/{repository}/search/{search}],methods=[OPTIONS],produces=[application/hal+json || application/json || application/*+json;charset=UTF-8]}" onto public org.springframework.http.ResponseEntity<java.lang.Object> org.springframework.data.rest.webmvc.RepositorySearchController.optionsForSearch(org.springframework.data.rest.webmvc.RootResourceInformation,java.lang.String)
2016-01-14 07:57:00.180  INFO 28268 --- [           main] o.s.d.r.w.RepositoryRestHandlerMapping   : Mapped "{[/{repository}/search/{search}],methods=[HEAD],produces=[application/hal+json || application/json || application/*+json;charset=UTF-8]}" onto public org.springframework.http.ResponseEntity<java.lang.Object> org.springframework.data.rest.webmvc.RepositorySearchController.headForSearch(org.springframework.data.rest.webmvc.RootResourceInformation,java.lang.String)
2016-01-14 07:57:00.182  INFO 28268 --- [           main] o.s.d.r.w.BasePathAwareHandlerMapping    : Mapped "{[/profile/{repository}],methods=[GET],produces=[application/schema+json]}" onto public org.springframework.http.HttpEntity<org.springframework.data.rest.webmvc.json.JsonSchema> org.springframework.data.rest.webmvc.RepositorySchemaController.schema(org.springframework.data.rest.webmvc.RootResourceInformation)
2016-01-14 07:57:00.182  INFO 28268 --- [           main] o.s.d.r.w.BasePathAwareHandlerMapping    : Mapped "{[/profile/{repository}],methods=[GET],produces=[application/alps+json || */*]}" onto org.springframework.http.HttpEntity<org.springframework.data.rest.webmvc.RootResourceInformation> org.springframework.data.rest.webmvc.alps.AlpsController.descriptor(org.springframework.data.rest.webmvc.RootResourceInformation)
2016-01-14 07:57:00.182  INFO 28268 --- [           main] o.s.d.r.w.BasePathAwareHandlerMapping    : Mapped "{[/profile/{repository}],methods=[OPTIONS],produces=[application/alps+json]}" onto org.springframework.http.HttpEntity<?> org.springframework.data.rest.webmvc.alps.AlpsController.alpsOptions()
2016-01-14 07:57:00.182  INFO 28268 --- [           main] o.s.d.r.w.BasePathAwareHandlerMapping    : Mapped "{[/profile],methods=[OPTIONS]}" onto public org.springframework.http.HttpEntity<?> org.springframework.data.rest.webmvc.ProfileController.profileOptions()
2016-01-14 07:57:00.182  INFO 28268 --- [           main] o.s.d.r.w.BasePathAwareHandlerMapping    : Mapped "{[/profile],methods=[GET]}" onto org.springframework.http.HttpEntity<org.springframework.hateoas.ResourceSupport> org.springframework.data.rest.webmvc.ProfileController.listAllFormsOfMetadata()
2016-01-14 07:57:00.191  INFO 28268 --- [           main] .m.m.a.ExceptionHandlerExceptionResolver : Detected @ExceptionHandler methods in repositoryRestExceptionHandler
2016-01-14 07:57:00.294  INFO 28268 --- [           main] org.test.bookpub.dbcount.DbCountRunner   : PublisherRepository has 0 entries
2016-01-14 07:57:00.303  INFO 28268 --- [           main] org.test.bookpub.dbcount.DbCountRunner   : BookRepository has 2 entries
2016-01-14 07:57:00.306  INFO 28268 --- [           main] org.test.bookpub.dbcount.DbCountRunner   : AuthorRepository has 2 entries
2016-01-14 07:57:00.309  INFO 28268 --- [           main] org.test.bookpub.dbcount.DbCountRunner   : ReviewerRepository has 0 entries
2016-01-14 07:57:00.312  INFO 28268 --- [           main] org.test.bookpub.dbcount.DbCountRunner   : PublisherRepository has 2 entries
2016-01-14 07:57:00.313  INFO 28268 --- [           main] org.test.RestfulStepdefs                 : Started RestfulStepdefs in 1.126 seconds (JVM running for 7.998)
2016-01-14 07:57:00.320  INFO 28268 --- [           main] o.s.b.test.SpringBootMockServletContext  : Initializing Spring FrameworkServlet ''
2016-01-14 07:57:00.321  INFO 28268 --- [           main] o.s.t.web.servlet.TestDispatcherServlet  : FrameworkServlet '': initialization started
2016-01-14 07:57:00.326  INFO 28268 --- [           main] o.s.t.web.servlet.TestDispatcherServlet  : FrameworkServlet '': initialization completed in 5 ms
2016-01-14 07:57:00.413  INFO 28268 --- [           main] o.s.jdbc.datasource.init.ScriptUtils     : Executing SQL script from class path resource [packt-books.sql]
2016-01-14 07:57:00.414  INFO 28268 --- [           main] o.s.jdbc.datasource.init.ScriptUtils     : Executed SQL script from class path resource [packt-books.sql] in 1 ms.

  Background: Preload DB Mock Data      # org/test/bookpub/repositories.feature:3
    Given packt-books fixture is loaded # RepositoryStepdefs.data_fixture_is_loaded(String)

  Scenario: Load one book                        # org/test/bookpub/repositories.feature:6
    Given 3 books available in the catalogue     # RepositoryStepdefs.books_available_in_the_catalogue(int)
    When searching for book by isbn 9783         # RepositoryStepdefs.searching_for_book_by_isbn(String)
    Then book title will be Orchestrating Docker # RepositoryStepdefs.book_title_will_be(String)
@txn
Feature: Finding a book via REST API

  Scenario Outline: Using RESTful API to lookup books by ISBN # org/test/bookpub/restful.feature:6
    Given catalogue with books
    When requesting url /books/<isbn>
    Then status code will be 200
    And response content contains <title>

    Examples: 
2016-01-14 07:57:00.429  INFO 28268 --- [           main] o.s.t.c.support.AbstractContextLoader    : Could not detect default resource locations for test class [org.test.RestfulStepdefs]: no resource found for suffixes {-context.xml, Context.groovy}.
2016-01-14 07:57:00.430  INFO 28268 --- [           main] o.s.t.c.web.WebTestContextBootstrapper   : Loaded default TestExecutionListener class names from location [META-INF/spring.factories]: [org.springframework.test.context.web.ServletTestExecutionListener, org.springframework.test.context.support.DirtiesContextBeforeModesTestExecutionListener, org.springframework.test.context.support.DependencyInjectionTestExecutionListener, org.springframework.test.context.support.DirtiesContextTestExecutionListener, org.springframework.test.context.transaction.TransactionalTestExecutionListener, org.springframework.test.context.jdbc.SqlScriptsTestExecutionListener]
2016-01-14 07:57:00.430  INFO 28268 --- [           main] o.s.t.c.web.WebTestContextBootstrapper   : Using TestExecutionListeners: [org.springframework.test.context.web.ServletTestExecutionListener@68838767, org.springframework.test.context.support.DirtiesContextBeforeModesTestExecutionListener@315365ef, org.springframework.test.context.support.DependencyInjectionTestExecutionListener@1f381eaf, org.springframework.test.context.support.DirtiesContextTestExecutionListener@5df7ae0a, org.springframework.test.context.transaction.TransactionalTestExecutionListener@293ba26c, org.springframework.test.context.jdbc.SqlScriptsTestExecutionListener@36dc6b9]
2016-01-14 07:57:00.430  INFO 28268 --- [           main] o.s.b.f.s.DefaultListableBeanFactory     : Replacing scope 'cucumber-glue' from [cucumber.runtime.java.spring.GlueCodeScope@3c981f76] to [cucumber.runtime.java.spring.GlueCodeScope@4844e24b]
2016-01-14 07:57:00.432  INFO 28268 --- [           main] o.s.b.test.SpringBootMockServletContext  : Initializing Spring FrameworkServlet ''
2016-01-14 07:57:00.432  INFO 28268 --- [           main] o.s.t.web.servlet.TestDispatcherServlet  : FrameworkServlet '': initialization started
2016-01-14 07:57:00.435  INFO 28268 --- [           main] o.s.t.web.servlet.TestDispatcherServlet  : FrameworkServlet '': initialization completed in 3 ms
2016-01-14 07:57:00.436  INFO 28268 --- [           main] o.s.jdbc.datasource.init.ScriptUtils     : Executing SQL script from class path resource [packt-books.sql]
2016-01-14 07:57:00.437  INFO 28268 --- [           main] o.s.jdbc.datasource.init.ScriptUtils     : Executed SQL script from class path resource [packt-books.sql] in 1 ms.

  Background:                           # org/test/bookpub/restful.feature:3
    Given packt-books fixture is loaded # RepositoryStepdefs.data_fixture_is_loaded(String)
2016-01-14 07:57:00.458  INFO 28268 --- [           main] o.s.t.c.support.AbstractContextLoader    : Could not detect default resource locations for test class [org.test.RestfulStepdefs]: no resource found for suffixes {-context.xml, Context.groovy}.
2016-01-14 07:57:00.459  INFO 28268 --- [           main] o.s.t.c.web.WebTestContextBootstrapper   : Loaded default TestExecutionListener class names from location [META-INF/spring.factories]: [org.springframework.test.context.web.ServletTestExecutionListener, org.springframework.test.context.support.DirtiesContextBeforeModesTestExecutionListener, org.springframework.test.context.support.DependencyInjectionTestExecutionListener, org.springframework.test.context.support.DirtiesContextTestExecutionListener, org.springframework.test.context.transaction.TransactionalTestExecutionListener, org.springframework.test.context.jdbc.SqlScriptsTestExecutionListener]
2016-01-14 07:57:00.460  INFO 28268 --- [           main] o.s.t.c.web.WebTestContextBootstrapper   : Using TestExecutionListeners: [org.springframework.test.context.web.ServletTestExecutionListener@5a464be7, org.springframework.test.context.support.DirtiesContextBeforeModesTestExecutionListener@170f0fd6, org.springframework.test.context.support.DependencyInjectionTestExecutionListener@48d24d63, org.springframework.test.context.support.DirtiesContextTestExecutionListener@695c8b32, org.springframework.test.context.transaction.TransactionalTestExecutionListener@1adec8d, org.springframework.test.context.jdbc.SqlScriptsTestExecutionListener@6eb332d1]
2016-01-14 07:57:00.460  INFO 28268 --- [           main] o.s.b.f.s.DefaultListableBeanFactory     : Replacing scope 'cucumber-glue' from [cucumber.runtime.java.spring.GlueCodeScope@4844e24b] to [cucumber.runtime.java.spring.GlueCodeScope@3958db82]
2016-01-14 07:57:00.461  INFO 28268 --- [           main] o.s.b.test.SpringBootMockServletContext  : Initializing Spring FrameworkServlet ''
2016-01-14 07:57:00.461  INFO 28268 --- [           main] o.s.t.web.servlet.TestDispatcherServlet  : FrameworkServlet '': initialization started
2016-01-14 07:57:00.463  INFO 28268 --- [           main] o.s.t.web.servlet.TestDispatcherServlet  : FrameworkServlet '': initialization completed in 2 ms

  @txn
  Scenario Outline: Using RESTful API to lookup books by ISBN # org/test/bookpub/restful.feature:14
    Given catalogue with books                                # RestfulStepdefs.catalogue_with_books()
    When requesting url /books/9781                           # RestfulStepdefs.requesting_url(String)
    Then status code will be 200                              # RestfulStepdefs.status_code_will_be(int)
    And response content contains Romeo and Juliet            # RestfulStepdefs.response_content_contains(String)
2016-01-14 07:57:00.464  INFO 28268 --- [           main] o.s.jdbc.datasource.init.ScriptUtils     : Executing SQL script from class path resource [packt-books.sql]
2016-01-14 07:57:00.465  INFO 28268 --- [           main] o.s.jdbc.datasource.init.ScriptUtils     : Executed SQL script from class path resource [packt-books.sql] in 1 ms.

  Background:                           # org/test/bookpub/restful.feature:3
    Given packt-books fixture is loaded # RepositoryStepdefs.data_fixture_is_loaded(String)

  @txn
  Scenario Outline: Using RESTful API to lookup books by ISBN # org/test/bookpub/restful.feature:15
    Given catalogue with books                                # RestfulStepdefs.catalogue_with_books()
    When requesting url /books/9783                           # RestfulStepdefs.requesting_url(String)
    Then status code will be 200                              # RestfulStepdefs.status_code_will_be(int)
    And response content contains Orchestrating Docker        # RestfulStepdefs.response_content_contains(String)

3 Scenarios (3 passed)
14 Steps (14 passed)
0m0.133s

Tests run: 17, Failures: 0, Errors: 0, Skipped: 0, Time elapsed: 1.336 sec - in org.test.RunCukeTests
2016-01-14 07:57:00.481  INFO 28268 --- [       Thread-4] s.c.a.AnnotationConfigApplicationContext : Closing org.springframework.context.annotation.AnnotationConfigApplicationContext@166e5a6d: startup date [Thu Jan 14 07:56:58 PST 2016]; root of context hierarchy
2016-01-14 07:57:00.481  INFO 28268 --- [       Thread-5] o.s.w.c.s.GenericWebApplicationContext   : Closing org.springframework.web.context.support.GenericWebApplicationContext@1dd76982: startup date [Thu Jan 14 07:56:59 PST 2016]; root of context hierarchy
2016-01-14 07:57:00.482  INFO 28268 --- [       Thread-3] ationConfigEmbeddedWebApplicationContext : Closing org.springframework.boot.context.embedded.AnnotationConfigEmbeddedWebApplicationContext@5c87bfe2: startup date [Thu Jan 14 07:56:53 PST 2016]; root of context hierarchy
2016-01-14 07:57:00.487  INFO 28268 --- [       Thread-4] j.LocalContainerEntityManagerFactoryBean : Closing JPA EntityManagerFactory for persistence unit 'default'
2016-01-14 07:57:00.493  INFO 28268 --- [       Thread-3] j.LocalContainerEntityManagerFactoryBean : Closing JPA EntityManagerFactory for persistence unit 'default'
2016-01-14 07:57:00.495  INFO 28268 --- [       Thread-5] j.LocalContainerEntityManagerFactoryBean : Closing JPA EntityManagerFactory for persistence unit 'default'

Results :

Tests run: 21, Failures: 0, Errors: 0, Skipped: 0

[INFO] ------------------------------------------------------------------------
[INFO] BUILD SUCCESS
[INFO] ------------------------------------------------------------------------
[INFO] Total time: 11.932 s
[INFO] Finished at: 2016-01-14T07:57:01-08:00
[INFO] Final Memory: 37M/332M
[INFO] ------------------------------------------------------------------------
